[0.657s] Invoking command in '/home/kaibuchisoma/test_ws/src/experiment_python': PYTHONPATH=/home/kaibuchisoma/test_ws/build/experiment_python/prefix_override:/home/kaibuchisoma/test_ws/install/experiment_python/lib/python3.10/site-packages:${PYTHONPATH} /usr/bin/python3 setup.py egg_info --egg-base ../../build/experiment_python build --build-base /home/kaibuchisoma/test_ws/build/experiment_python/build install --record /home/kaibuchisoma/test_ws/build/experiment_python/install.log --single-version-externally-managed
[0.864s] running egg_info
[0.865s] writing ../../build/experiment_python/experiment_python.egg-info/PKG-INFO
[0.865s] writing dependency_links to ../../build/experiment_python/experiment_python.egg-info/dependency_links.txt
[0.865s] writing entry points to ../../build/experiment_python/experiment_python.egg-info/entry_points.txt
[0.865s] writing requirements to ../../build/experiment_python/experiment_python.egg-info/requires.txt
[0.865s] writing top-level names to ../../build/experiment_python/experiment_python.egg-info/top_level.txt
[0.867s] reading manifest file '../../build/experiment_python/experiment_python.egg-info/SOURCES.txt'
[0.872s] writing manifest file '../../build/experiment_python/experiment_python.egg-info/SOURCES.txt'
[0.872s] running build
[0.872s] running build_py
[0.872s] copying experiment_python/joysub.py -> /home/kaibuchisoma/test_ws/build/experiment_python/build/lib/experiment_python
[0.872s] copying experiment_python/serial_flask.py -> /home/kaibuchisoma/test_ws/build/experiment_python/build/lib/experiment_python
[0.872s] running install
[0.873s] /usr/lib/python3/dist-packages/setuptools/command/install.py:34: SetuptoolsDeprecationWarning: setup.py install is deprecated. Use build and pip and other standards-based tools.
[0.873s]   warnings.warn(
[0.873s] running install_lib
[0.874s] copying /home/kaibuchisoma/test_ws/build/experiment_python/build/lib/experiment_python/joysub.py -> /home/kaibuchisoma/test_ws/install/experiment_python/lib/python3.10/site-packages/experiment_python
[0.874s] copying /home/kaibuchisoma/test_ws/build/experiment_python/build/lib/experiment_python/serial_flask.py -> /home/kaibuchisoma/test_ws/install/experiment_python/lib/python3.10/site-packages/experiment_python
[0.874s] byte-compiling /home/kaibuchisoma/test_ws/install/experiment_python/lib/python3.10/site-packages/experiment_python/joysub.py to joysub.cpython-310.pyc
[0.875s] byte-compiling /home/kaibuchisoma/test_ws/install/experiment_python/lib/python3.10/site-packages/experiment_python/serial_flask.py to serial_flask.cpython-310.pyc
[0.876s] running install_data
[0.876s] running install_egg_info
[0.877s] removing '/home/kaibuchisoma/test_ws/install/experiment_python/lib/python3.10/site-packages/experiment_python-0.0.0-py3.10.egg-info' (and everything under it)
[0.877s] Copying ../../build/experiment_python/experiment_python.egg-info to /home/kaibuchisoma/test_ws/install/experiment_python/lib/python3.10/site-packages/experiment_python-0.0.0-py3.10.egg-info
[0.878s] running install_scripts
[0.893s] Installing joypub script to /home/kaibuchisoma/test_ws/install/experiment_python/lib/experiment_python
[0.893s] Installing serifla script to /home/kaibuchisoma/test_ws/install/experiment_python/lib/experiment_python
[0.893s] writing list of installed files to '/home/kaibuchisoma/test_ws/build/experiment_python/install.log'
[0.911s] Invoked command in '/home/kaibuchisoma/test_ws/src/experiment_python' returned '0': PYTHONPATH=/home/kaibuchisoma/test_ws/build/experiment_python/prefix_override:/home/kaibuchisoma/test_ws/install/experiment_python/lib/python3.10/site-packages:${PYTHONPATH} /usr/bin/python3 setup.py egg_info --egg-base ../../build/experiment_python build --build-base /home/kaibuchisoma/test_ws/build/experiment_python/build install --record /home/kaibuchisoma/test_ws/build/experiment_python/install.log --single-version-externally-managed
