[0.860s] Invoking command in '/home/kaibuchisoma/test_ws/src/experiment_python': PYTHONPATH=/home/kaibuchisoma/test_ws/build/experiment_python/prefix_override:/home/kaibuchisoma/test_ws/install/experiment_python/lib/python3.10/site-packages:${PYTHONPATH} /usr/bin/python3 setup.py egg_info --egg-base ../../build/experiment_python build --build-base /home/kaibuchisoma/test_ws/build/experiment_python/build install --record /home/kaibuchisoma/test_ws/build/experiment_python/install.log --single-version-externally-managed
[1.112s] running egg_info
[1.112s] writing ../../build/experiment_python/experiment_python.egg-info/PKG-INFO
[1.113s] writing dependency_links to ../../build/experiment_python/experiment_python.egg-info/dependency_links.txt
[1.113s] writing entry points to ../../build/experiment_python/experiment_python.egg-info/entry_points.txt
[1.113s] writing requirements to ../../build/experiment_python/experiment_python.egg-info/requires.txt
[1.113s] writing top-level names to ../../build/experiment_python/experiment_python.egg-info/top_level.txt
[1.115s] reading manifest file '../../build/experiment_python/experiment_python.egg-info/SOURCES.txt'
[1.116s] writing manifest file '../../build/experiment_python/experiment_python.egg-info/SOURCES.txt'
[1.116s] running build
[1.116s] running build_py
[1.116s] copying experiment_python/serial_flask.py -> /home/kaibuchisoma/test_ws/build/experiment_python/build/lib/experiment_python
[1.116s] running install
[1.116s] /usr/lib/python3/dist-packages/setuptools/command/install.py:34: SetuptoolsDeprecationWarning: setup.py install is deprecated. Use build and pip and other standards-based tools.
[1.117s]   warnings.warn(
[1.117s] running install_lib
[1.118s] copying /home/kaibuchisoma/test_ws/build/experiment_python/build/lib/experiment_python/serial_flask.py -> /home/kaibuchisoma/test_ws/install/experiment_python/lib/python3.10/site-packages/experiment_python
[1.118s] byte-compiling /home/kaibuchisoma/test_ws/install/experiment_python/lib/python3.10/site-packages/experiment_python/serial_flask.py to serial_flask.cpython-310.pyc
[1.120s] running install_data
[1.120s] running install_egg_info
[1.122s] removing '/home/kaibuchisoma/test_ws/install/experiment_python/lib/python3.10/site-packages/experiment_python-0.0.0-py3.10.egg-info' (and everything under it)
[1.122s] Copying ../../build/experiment_python/experiment_python.egg-info to /home/kaibuchisoma/test_ws/install/experiment_python/lib/python3.10/site-packages/experiment_python-0.0.0-py3.10.egg-info
[1.123s] running install_scripts
[1.149s] Installing joypub script to /home/kaibuchisoma/test_ws/install/experiment_python/lib/experiment_python
[1.149s] Installing serifla script to /home/kaibuchisoma/test_ws/install/experiment_python/lib/experiment_python
[1.149s] writing list of installed files to '/home/kaibuchisoma/test_ws/build/experiment_python/install.log'
[1.181s] Invoked command in '/home/kaibuchisoma/test_ws/src/experiment_python' returned '0': PYTHONPATH=/home/kaibuchisoma/test_ws/build/experiment_python/prefix_override:/home/kaibuchisoma/test_ws/install/experiment_python/lib/python3.10/site-packages:${PYTHONPATH} /usr/bin/python3 setup.py egg_info --egg-base ../../build/experiment_python build --build-base /home/kaibuchisoma/test_ws/build/experiment_python/build install --record /home/kaibuchisoma/test_ws/build/experiment_python/install.log --single-version-externally-managed
