running egg_info
writing ../../build/experiment_python/experiment_python.egg-info/PKG-INFO
writing dependency_links to ../../build/experiment_python/experiment_python.egg-info/dependency_links.txt
writing entry points to ../../build/experiment_python/experiment_python.egg-info/entry_points.txt
writing requirements to ../../build/experiment_python/experiment_python.egg-info/requires.txt
writing top-level names to ../../build/experiment_python/experiment_python.egg-info/top_level.txt
reading manifest file '../../build/experiment_python/experiment_python.egg-info/SOURCES.txt'
writing manifest file '../../build/experiment_python/experiment_python.egg-info/SOURCES.txt'
running build
running build_py
copying experiment_python/Drive_Controller.py -> /home/kaibuchisoma/test_ws/build/experiment_python/build/lib/experiment_python
running install
running install_lib
copying /home/kaibuchisoma/test_ws/build/experiment_python/build/lib/experiment_python/Drive_Controller.py -> /home/kaibuchisoma/test_ws/install/experiment_python/lib/python3.10/site-packages/experiment_python
byte-compiling /home/kaibuchisoma/test_ws/install/experiment_python/lib/python3.10/site-packages/experiment_python/Drive_Controller.py to Drive_Controller.cpython-310.pyc
running install_data
running install_egg_info
removing '/home/kaibuchisoma/test_ws/install/experiment_python/lib/python3.10/site-packages/experiment_python-0.0.0-py3.10.egg-info' (and everything under it)
Copying ../../build/experiment_python/experiment_python.egg-info to /home/kaibuchisoma/test_ws/install/experiment_python/lib/python3.10/site-packages/experiment_python-0.0.0-py3.10.egg-info
running install_scripts
Installing Collect_Controller script to /home/kaibuchisoma/test_ws/install/experiment_python/lib/experiment_python
Installing Drive_Controller script to /home/kaibuchisoma/test_ws/install/experiment_python/lib/experiment_python
Installing communicateWiFi_ESP32 script to /home/kaibuchisoma/test_ws/install/experiment_python/lib/experiment_python
Installing webserver script to /home/kaibuchisoma/test_ws/install/experiment_python/lib/experiment_python
writing list of installed files to '/home/kaibuchisoma/test_ws/build/experiment_python/install.log'
