[0.747s] Invoking command in '/home/kaibuchisoma/test_ws/src/experiment_python': PYTHONPATH=/home/kaibuchisoma/test_ws/build/experiment_python/prefix_override:/home/kaibuchisoma/test_ws/install/experiment_python/lib/python3.10/site-packages:${PYTHONPATH} /usr/bin/python3 setup.py egg_info --egg-base ../../build/experiment_python build --build-base /home/kaibuchisoma/test_ws/build/experiment_python/build install --record /home/kaibuchisoma/test_ws/build/experiment_python/install.log --single-version-externally-managed
[0.988s] running egg_info
[0.988s] writing ../../build/experiment_python/experiment_python.egg-info/PKG-INFO
[0.989s] writing dependency_links to ../../build/experiment_python/experiment_python.egg-info/dependency_links.txt
[0.989s] writing entry points to ../../build/experiment_python/experiment_python.egg-info/entry_points.txt
[0.989s] writing requirements to ../../build/experiment_python/experiment_python.egg-info/requires.txt
[0.989s] writing top-level names to ../../build/experiment_python/experiment_python.egg-info/top_level.txt
[0.990s] reading manifest file '../../build/experiment_python/experiment_python.egg-info/SOURCES.txt'
[0.991s] writing manifest file '../../build/experiment_python/experiment_python.egg-info/SOURCES.txt'
[0.991s] running build
[0.991s] running build_py
[0.991s] copying experiment_python/joyfeedbacking.py -> /home/kaibuchisoma/test_ws/build/experiment_python/build/lib/experiment_python
[0.992s] running install
[0.992s] /usr/lib/python3/dist-packages/setuptools/command/install.py:34: SetuptoolsDeprecationWarning: setup.py install is deprecated. Use build and pip and other standards-based tools.
[0.992s]   warnings.warn(
[0.992s] running install_lib
[0.992s] copying /home/kaibuchisoma/test_ws/build/experiment_python/build/lib/experiment_python/joyfeedbacking.py -> /home/kaibuchisoma/test_ws/install/experiment_python/lib/python3.10/site-packages/experiment_python
[0.993s] byte-compiling /home/kaibuchisoma/test_ws/install/experiment_python/lib/python3.10/site-packages/experiment_python/joyfeedbacking.py to joyfeedbacking.cpython-310.pyc
[0.993s] running install_data
[0.994s] running install_egg_info
[0.995s] removing '/home/kaibuchisoma/test_ws/install/experiment_python/lib/python3.10/site-packages/experiment_python-0.0.0-py3.10.egg-info' (and everything under it)
[0.995s] Copying ../../build/experiment_python/experiment_python.egg-info to /home/kaibuchisoma/test_ws/install/experiment_python/lib/python3.10/site-packages/experiment_python-0.0.0-py3.10.egg-info
[0.996s] running install_scripts
[1.011s] Installing joyfeed script to /home/kaibuchisoma/test_ws/install/experiment_python/lib/experiment_python
[1.011s] Installing joypub script to /home/kaibuchisoma/test_ws/install/experiment_python/lib/experiment_python
[1.012s] Installing serifla script to /home/kaibuchisoma/test_ws/install/experiment_python/lib/experiment_python
[1.012s] writing list of installed files to '/home/kaibuchisoma/test_ws/build/experiment_python/install.log'
[1.029s] Invoked command in '/home/kaibuchisoma/test_ws/src/experiment_python' returned '0': PYTHONPATH=/home/kaibuchisoma/test_ws/build/experiment_python/prefix_override:/home/kaibuchisoma/test_ws/install/experiment_python/lib/python3.10/site-packages:${PYTHONPATH} /usr/bin/python3 setup.py egg_info --egg-base ../../build/experiment_python build --build-base /home/kaibuchisoma/test_ws/build/experiment_python/build install --record /home/kaibuchisoma/test_ws/build/experiment_python/install.log --single-version-externally-managed
