[0.792s] Invoking command in '/home/kaibuchisoma/test_ws/src/experiment_python': PYTHONPATH=/home/kaibuchisoma/test_ws/build/experiment_python/prefix_override:/home/kaibuchisoma/test_ws/install/experiment_python/lib/python3.10/site-packages:${PYTHONPATH} /usr/bin/python3 setup.py egg_info --egg-base ../../build/experiment_python build --build-base /home/kaibuchisoma/test_ws/build/experiment_python/build install --record /home/kaibuchisoma/test_ws/build/experiment_python/install.log --single-version-externally-managed
[1.040s] running egg_info
[1.041s] writing ../../build/experiment_python/experiment_python.egg-info/PKG-INFO
[1.048s] writing dependency_links to ../../build/experiment_python/experiment_python.egg-info/dependency_links.txt
[1.048s] writing entry points to ../../build/experiment_python/experiment_python.egg-info/entry_points.txt
[1.049s] writing requirements to ../../build/experiment_python/experiment_python.egg-info/requires.txt
[1.049s] writing top-level names to ../../build/experiment_python/experiment_python.egg-info/top_level.txt
[1.051s] reading manifest file '../../build/experiment_python/experiment_python.egg-info/SOURCES.txt'
[1.051s] writing manifest file '../../build/experiment_python/experiment_python.egg-info/SOURCES.txt'
[1.051s] running build
[1.051s] running build_py
[1.052s] copying experiment_python/communicateWiFi_ESP32.py -> /home/kaibuchisoma/test_ws/build/experiment_python/build/lib/experiment_python
[1.052s] copying experiment_python/Collect_Controller.py -> /home/kaibuchisoma/test_ws/build/experiment_python/build/lib/experiment_python
[1.052s] copying experiment_python/Drive_Controller.py -> /home/kaibuchisoma/test_ws/build/experiment_python/build/lib/experiment_python
[1.053s] running install
[1.053s] /usr/lib/python3/dist-packages/setuptools/command/install.py:34: SetuptoolsDeprecationWarning: setup.py install is deprecated. Use build and pip and other standards-based tools.
[1.053s]   warnings.warn(
[1.054s] running install_lib
[1.054s] copying /home/kaibuchisoma/test_ws/build/experiment_python/build/lib/experiment_python/communicateWiFi_ESP32.py -> /home/kaibuchisoma/test_ws/install/experiment_python/lib/python3.10/site-packages/experiment_python
[1.054s] copying /home/kaibuchisoma/test_ws/build/experiment_python/build/lib/experiment_python/Collect_Controller.py -> /home/kaibuchisoma/test_ws/install/experiment_python/lib/python3.10/site-packages/experiment_python
[1.055s] copying /home/kaibuchisoma/test_ws/build/experiment_python/build/lib/experiment_python/Drive_Controller.py -> /home/kaibuchisoma/test_ws/install/experiment_python/lib/python3.10/site-packages/experiment_python
[1.055s] byte-compiling /home/kaibuchisoma/test_ws/install/experiment_python/lib/python3.10/site-packages/experiment_python/communicateWiFi_ESP32.py to communicateWiFi_ESP32.cpython-310.pyc
[1.056s]   File "/home/kaibuchisoma/test_ws/install/experiment_python/lib/python3.10/site-packages/experiment_python/communicateWiFi_ESP32.py", line 68
[1.056s]     serialCommand = f"{{'motor1':{{'speed':{self.motor1_speed}}},'motor2':{{'speed':{self.motor2_speed}}},'motor3':{{'speed':
[1.056s]                     ^
[1.056s] SyntaxError: unterminated string literal (detected at line 68)
[1.056s] 
[1.056s] byte-compiling /home/kaibuchisoma/test_ws/install/experiment_python/lib/python3.10/site-packages/experiment_python/Collect_Controller.py to Collect_Controller.cpython-310.pyc
[1.056s] byte-compiling /home/kaibuchisoma/test_ws/install/experiment_python/lib/python3.10/site-packages/experiment_python/Drive_Controller.py to Drive_Controller.cpython-310.pyc
[1.057s] running install_data
[1.057s] running install_egg_info
[1.059s] removing '/home/kaibuchisoma/test_ws/install/experiment_python/lib/python3.10/site-packages/experiment_python-0.0.0-py3.10.egg-info' (and everything under it)
[1.059s] Copying ../../build/experiment_python/experiment_python.egg-info to /home/kaibuchisoma/test_ws/install/experiment_python/lib/python3.10/site-packages/experiment_python-0.0.0-py3.10.egg-info
[1.060s] running install_scripts
[1.078s] Installing Collect_Controller script to /home/kaibuchisoma/test_ws/install/experiment_python/lib/experiment_python
[1.078s] Installing Drive_Controller script to /home/kaibuchisoma/test_ws/install/experiment_python/lib/experiment_python
[1.078s] Installing communicateWiFi_ESP32 script to /home/kaibuchisoma/test_ws/install/experiment_python/lib/experiment_python
[1.078s] Installing webserver script to /home/kaibuchisoma/test_ws/install/experiment_python/lib/experiment_python
[1.079s] writing list of installed files to '/home/kaibuchisoma/test_ws/build/experiment_python/install.log'
[1.097s] Invoked command in '/home/kaibuchisoma/test_ws/src/experiment_python' returned '0': PYTHONPATH=/home/kaibuchisoma/test_ws/build/experiment_python/prefix_override:/home/kaibuchisoma/test_ws/install/experiment_python/lib/python3.10/site-packages:${PYTHONPATH} /usr/bin/python3 setup.py egg_info --egg-base ../../build/experiment_python build --build-base /home/kaibuchisoma/test_ws/build/experiment_python/build install --record /home/kaibuchisoma/test_ws/build/experiment_python/install.log --single-version-externally-managed
