[1.446s] DEBUG:colcon:Command line arguments: ['/usr/bin/colcon', 'build']
[1.446s] DEBUG:colcon:Parsed command line arguments: Namespace(log_base=None, log_level=None, verb_name='build', build_base='build', install_base='install', merge_install=False, symlink_install=False, test_result_base=None, continue_on_error=False, executor='parallel', parallel_workers=12, event_handlers=None, ignore_user_meta=False, metas=['./colcon.meta'], base_paths=['.'], packages_ignore=None, packages_ignore_regex=None, paths=None, packages_up_to=None, packages_up_to_regex=None, packages_above=None, packages_above_and_dependencies=None, packages_above_depth=None, packages_select_by_dep=None, packages_skip_by_dep=None, packages_skip_up_to=None, packages_select_build_failed=False, packages_skip_build_finished=False, packages_select_test_failures=False, packages_skip_test_passed=False, packages_select=None, packages_skip=None, packages_select_regex=None, packages_skip_regex=None, packages_start=None, packages_end=None, allow_overriding=[], cmake_args=None, cmake_target=None, cmake_target_skip_unavailable=False, cmake_clean_cache=False, cmake_clean_first=False, cmake_force_configure=False, ament_cmake_args=None, catkin_cmake_args=None, catkin_skip_building_tests=False, verb_parser=<colcon_defaults.argument_parser.defaults.DefaultArgumentsDecorator object at 0x7fd73f8d1fc0>, verb_extension=<colcon_core.verb.build.BuildVerb object at 0x7fd73fb547c0>, main=<bound method BuildVerb.main of <colcon_core.verb.build.BuildVerb object at 0x7fd73fb547c0>>)
[1.528s] Level 1:colcon.colcon_core.package_discovery:discover_packages(colcon_meta) check parameters
[1.528s] Level 1:colcon.colcon_core.package_discovery:discover_packages(recursive) check parameters
[1.528s] Level 1:colcon.colcon_core.package_discovery:discover_packages(ignore) check parameters
[1.528s] Level 1:colcon.colcon_core.package_discovery:discover_packages(path) check parameters
[1.528s] Level 1:colcon.colcon_core.package_discovery:discover_packages(colcon_meta) discover
[1.528s] Level 1:colcon.colcon_core.package_discovery:discover_packages(recursive) discover
[1.528s] INFO:colcon.colcon_core.package_discovery:Crawling recursively for packages in '/home/kaibuchisoma/test_ws'
[1.528s] Level 1:colcon.colcon_core.package_identification:_identify(.) by extensions ['ignore', 'ignore_ament_install']
[1.529s] Level 1:colcon.colcon_core.package_identification:_identify(.) by extension 'ignore'
[1.529s] Level 1:colcon.colcon_core.package_identification:_identify(.) by extension 'ignore_ament_install'
[1.529s] Level 1:colcon.colcon_core.package_identification:_identify(.) by extensions ['colcon_pkg']
[1.529s] Level 1:colcon.colcon_core.package_identification:_identify(.) by extension 'colcon_pkg'
[1.529s] Level 1:colcon.colcon_core.package_identification:_identify(.) by extensions ['colcon_meta']
[1.529s] Level 1:colcon.colcon_core.package_identification:_identify(.) by extension 'colcon_meta'
[1.529s] Level 1:colcon.colcon_core.package_identification:_identify(.) by extensions ['ros']
[1.529s] Level 1:colcon.colcon_core.package_identification:_identify(.) by extension 'ros'
[1.544s] Level 1:colcon.colcon_core.package_identification:_identify(.) by extensions ['cmake', 'python']
[1.544s] Level 1:colcon.colcon_core.package_identification:_identify(.) by extension 'cmake'
[1.544s] Level 1:colcon.colcon_core.package_identification:_identify(.) by extension 'python'
[1.544s] Level 1:colcon.colcon_core.package_identification:_identify(.) by extensions ['python_setup_py']
[1.544s] Level 1:colcon.colcon_core.package_identification:_identify(.) by extension 'python_setup_py'
[1.545s] Level 1:colcon.colcon_core.package_identification:_identify(ESP32) by extensions ['ignore', 'ignore_ament_install']
[1.545s] Level 1:colcon.colcon_core.package_identification:_identify(ESP32) by extension 'ignore'
[1.545s] Level 1:colcon.colcon_core.package_identification:_identify(ESP32) by extension 'ignore_ament_install'
[1.545s] Level 1:colcon.colcon_core.package_identification:_identify(ESP32) by extensions ['colcon_pkg']
[1.545s] Level 1:colcon.colcon_core.package_identification:_identify(ESP32) by extension 'colcon_pkg'
[1.545s] Level 1:colcon.colcon_core.package_identification:_identify(ESP32) by extensions ['colcon_meta']
[1.545s] Level 1:colcon.colcon_core.package_identification:_identify(ESP32) by extension 'colcon_meta'
[1.545s] Level 1:colcon.colcon_core.package_identification:_identify(ESP32) by extensions ['ros']
[1.545s] Level 1:colcon.colcon_core.package_identification:_identify(ESP32) by extension 'ros'
[1.545s] Level 1:colcon.colcon_core.package_identification:_identify(ESP32) by extensions ['cmake', 'python']
[1.545s] Level 1:colcon.colcon_core.package_identification:_identify(ESP32) by extension 'cmake'
[1.546s] Level 1:colcon.colcon_core.package_identification:_identify(ESP32) by extension 'python'
[1.546s] Level 1:colcon.colcon_core.package_identification:_identify(ESP32) by extensions ['python_setup_py']
[1.546s] Level 1:colcon.colcon_core.package_identification:_identify(ESP32) by extension 'python_setup_py'
[1.546s] Level 1:colcon.colcon_core.package_identification:_identify(ESP32/MiniRobo1_UDP) by extensions ['ignore', 'ignore_ament_install']
[1.546s] Level 1:colcon.colcon_core.package_identification:_identify(ESP32/MiniRobo1_UDP) by extension 'ignore'
[1.546s] Level 1:colcon.colcon_core.package_identification:_identify(ESP32/MiniRobo1_UDP) by extension 'ignore_ament_install'
[1.546s] Level 1:colcon.colcon_core.package_identification:_identify(ESP32/MiniRobo1_UDP) by extensions ['colcon_pkg']
[1.546s] Level 1:colcon.colcon_core.package_identification:_identify(ESP32/MiniRobo1_UDP) by extension 'colcon_pkg'
[1.546s] Level 1:colcon.colcon_core.package_identification:_identify(ESP32/MiniRobo1_UDP) by extensions ['colcon_meta']
[1.546s] Level 1:colcon.colcon_core.package_identification:_identify(ESP32/MiniRobo1_UDP) by extension 'colcon_meta'
[1.546s] Level 1:colcon.colcon_core.package_identification:_identify(ESP32/MiniRobo1_UDP) by extensions ['ros']
[1.546s] Level 1:colcon.colcon_core.package_identification:_identify(ESP32/MiniRobo1_UDP) by extension 'ros'
[1.547s] Level 1:colcon.colcon_core.package_identification:_identify(ESP32/MiniRobo1_UDP) by extensions ['cmake', 'python']
[1.547s] Level 1:colcon.colcon_core.package_identification:_identify(ESP32/MiniRobo1_UDP) by extension 'cmake'
[1.547s] Level 1:colcon.colcon_core.package_identification:_identify(ESP32/MiniRobo1_UDP) by extension 'python'
[1.547s] Level 1:colcon.colcon_core.package_identification:_identify(ESP32/MiniRobo1_UDP) by extensions ['python_setup_py']
[1.547s] Level 1:colcon.colcon_core.package_identification:_identify(ESP32/MiniRobo1_UDP) by extension 'python_setup_py'
[1.547s] Level 1:colcon.colcon_core.package_identification:_identify(ESP32/MiniRobo1_distance) by extensions ['ignore', 'ignore_ament_install']
[1.547s] Level 1:colcon.colcon_core.package_identification:_identify(ESP32/MiniRobo1_distance) by extension 'ignore'
[1.547s] Level 1:colcon.colcon_core.package_identification:_identify(ESP32/MiniRobo1_distance) by extension 'ignore_ament_install'
[1.547s] Level 1:colcon.colcon_core.package_identification:_identify(ESP32/MiniRobo1_distance) by extensions ['colcon_pkg']
[1.548s] Level 1:colcon.colcon_core.package_identification:_identify(ESP32/MiniRobo1_distance) by extension 'colcon_pkg'
[1.548s] Level 1:colcon.colcon_core.package_identification:_identify(ESP32/MiniRobo1_distance) by extensions ['colcon_meta']
[1.548s] Level 1:colcon.colcon_core.package_identification:_identify(ESP32/MiniRobo1_distance) by extension 'colcon_meta'
[1.548s] Level 1:colcon.colcon_core.package_identification:_identify(ESP32/MiniRobo1_distance) by extensions ['ros']
[1.548s] Level 1:colcon.colcon_core.package_identification:_identify(ESP32/MiniRobo1_distance) by extension 'ros'
[1.548s] Level 1:colcon.colcon_core.package_identification:_identify(ESP32/MiniRobo1_distance) by extensions ['cmake', 'python']
[1.548s] Level 1:colcon.colcon_core.package_identification:_identify(ESP32/MiniRobo1_distance) by extension 'cmake'
[1.548s] Level 1:colcon.colcon_core.package_identification:_identify(ESP32/MiniRobo1_distance) by extension 'python'
[1.548s] Level 1:colcon.colcon_core.package_identification:_identify(ESP32/MiniRobo1_distance) by extensions ['python_setup_py']
[1.548s] Level 1:colcon.colcon_core.package_identification:_identify(ESP32/MiniRobo1_distance) by extension 'python_setup_py'
[1.548s] Level 1:colcon.colcon_core.package_identification:_identify(__pycache__) by extensions ['ignore', 'ignore_ament_install']
[1.548s] Level 1:colcon.colcon_core.package_identification:_identify(__pycache__) by extension 'ignore'
[1.548s] Level 1:colcon.colcon_core.package_identification:_identify(__pycache__) by extension 'ignore_ament_install'
[1.549s] Level 1:colcon.colcon_core.package_identification:_identify(__pycache__) by extensions ['colcon_pkg']
[1.549s] Level 1:colcon.colcon_core.package_identification:_identify(__pycache__) by extension 'colcon_pkg'
[1.549s] Level 1:colcon.colcon_core.package_identification:_identify(__pycache__) by extensions ['colcon_meta']
[1.549s] Level 1:colcon.colcon_core.package_identification:_identify(__pycache__) by extension 'colcon_meta'
[1.549s] Level 1:colcon.colcon_core.package_identification:_identify(__pycache__) by extensions ['ros']
[1.549s] Level 1:colcon.colcon_core.package_identification:_identify(__pycache__) by extension 'ros'
[1.549s] Level 1:colcon.colcon_core.package_identification:_identify(__pycache__) by extensions ['cmake', 'python']
[1.549s] Level 1:colcon.colcon_core.package_identification:_identify(__pycache__) by extension 'cmake'
[1.549s] Level 1:colcon.colcon_core.package_identification:_identify(__pycache__) by extension 'python'
[1.549s] Level 1:colcon.colcon_core.package_identification:_identify(__pycache__) by extensions ['python_setup_py']
[1.549s] Level 1:colcon.colcon_core.package_identification:_identify(__pycache__) by extension 'python_setup_py'
[1.549s] Level 1:colcon.colcon_core.package_identification:_identify(build) by extensions ['ignore', 'ignore_ament_install']
[1.550s] Level 1:colcon.colcon_core.package_identification:_identify(build) by extension 'ignore'
[1.550s] Level 1:colcon.colcon_core.package_identification:_identify(build) ignored
[1.550s] Level 1:colcon.colcon_core.package_identification:_identify(get_sp_state) by extensions ['ignore', 'ignore_ament_install']
[1.550s] Level 1:colcon.colcon_core.package_identification:_identify(get_sp_state) by extension 'ignore'
[1.550s] Level 1:colcon.colcon_core.package_identification:_identify(get_sp_state) by extension 'ignore_ament_install'
[1.550s] Level 1:colcon.colcon_core.package_identification:_identify(get_sp_state) by extensions ['colcon_pkg']
[1.550s] Level 1:colcon.colcon_core.package_identification:_identify(get_sp_state) by extension 'colcon_pkg'
[1.550s] Level 1:colcon.colcon_core.package_identification:_identify(get_sp_state) by extensions ['colcon_meta']
[1.550s] Level 1:colcon.colcon_core.package_identification:_identify(get_sp_state) by extension 'colcon_meta'
[1.550s] Level 1:colcon.colcon_core.package_identification:_identify(get_sp_state) by extensions ['ros']
[1.550s] Level 1:colcon.colcon_core.package_identification:_identify(get_sp_state) by extension 'ros'
[1.550s] Level 1:colcon.colcon_core.package_identification:_identify(get_sp_state) by extensions ['cmake', 'python']
[1.551s] Level 1:colcon.colcon_core.package_identification:_identify(get_sp_state) by extension 'cmake'
[1.551s] Level 1:colcon.colcon_core.package_identification:_identify(get_sp_state) by extension 'python'
[1.551s] Level 1:colcon.colcon_core.package_identification:_identify(get_sp_state) by extensions ['python_setup_py']
[1.551s] Level 1:colcon.colcon_core.package_identification:_identify(get_sp_state) by extension 'python_setup_py'
[1.551s] Level 1:colcon.colcon_core.package_identification:_identify(get_sp_state/templates) by extensions ['ignore', 'ignore_ament_install']
[1.551s] Level 1:colcon.colcon_core.package_identification:_identify(get_sp_state/templates) by extension 'ignore'
[1.551s] Level 1:colcon.colcon_core.package_identification:_identify(get_sp_state/templates) by extension 'ignore_ament_install'
[1.551s] Level 1:colcon.colcon_core.package_identification:_identify(get_sp_state/templates) by extensions ['colcon_pkg']
[1.551s] Level 1:colcon.colcon_core.package_identification:_identify(get_sp_state/templates) by extension 'colcon_pkg'
[1.551s] Level 1:colcon.colcon_core.package_identification:_identify(get_sp_state/templates) by extensions ['colcon_meta']
[1.551s] Level 1:colcon.colcon_core.package_identification:_identify(get_sp_state/templates) by extension 'colcon_meta'
[1.551s] Level 1:colcon.colcon_core.package_identification:_identify(get_sp_state/templates) by extensions ['ros']
[1.551s] Level 1:colcon.colcon_core.package_identification:_identify(get_sp_state/templates) by extension 'ros'
[1.552s] Level 1:colcon.colcon_core.package_identification:_identify(get_sp_state/templates) by extensions ['cmake', 'python']
[1.552s] Level 1:colcon.colcon_core.package_identification:_identify(get_sp_state/templates) by extension 'cmake'
[1.552s] Level 1:colcon.colcon_core.package_identification:_identify(get_sp_state/templates) by extension 'python'
[1.552s] Level 1:colcon.colcon_core.package_identification:_identify(get_sp_state/templates) by extensions ['python_setup_py']
[1.552s] Level 1:colcon.colcon_core.package_identification:_identify(get_sp_state/templates) by extension 'python_setup_py'
[1.552s] Level 1:colcon.colcon_core.package_identification:_identify(install) by extensions ['ignore', 'ignore_ament_install']
[1.552s] Level 1:colcon.colcon_core.package_identification:_identify(install) by extension 'ignore'
[1.552s] Level 1:colcon.colcon_core.package_identification:_identify(install) ignored
[1.552s] Level 1:colcon.colcon_core.package_identification:_identify(launch) by extensions ['ignore', 'ignore_ament_install']
[1.553s] Level 1:colcon.colcon_core.package_identification:_identify(launch) by extension 'ignore'
[1.553s] Level 1:colcon.colcon_core.package_identification:_identify(launch) by extension 'ignore_ament_install'
[1.553s] Level 1:colcon.colcon_core.package_identification:_identify(launch) by extensions ['colcon_pkg']
[1.553s] Level 1:colcon.colcon_core.package_identification:_identify(launch) by extension 'colcon_pkg'
[1.553s] Level 1:colcon.colcon_core.package_identification:_identify(launch) by extensions ['colcon_meta']
[1.553s] Level 1:colcon.colcon_core.package_identification:_identify(launch) by extension 'colcon_meta'
[1.553s] Level 1:colcon.colcon_core.package_identification:_identify(launch) by extensions ['ros']
[1.553s] Level 1:colcon.colcon_core.package_identification:_identify(launch) by extension 'ros'
[1.553s] Level 1:colcon.colcon_core.package_identification:_identify(launch) by extensions ['cmake', 'python']
[1.553s] Level 1:colcon.colcon_core.package_identification:_identify(launch) by extension 'cmake'
[1.553s] Level 1:colcon.colcon_core.package_identification:_identify(launch) by extension 'python'
[1.553s] Level 1:colcon.colcon_core.package_identification:_identify(launch) by extensions ['python_setup_py']
[1.554s] Level 1:colcon.colcon_core.package_identification:_identify(launch) by extension 'python_setup_py'
[1.554s] Level 1:colcon.colcon_core.package_identification:_identify(launch/__pycache__) by extensions ['ignore', 'ignore_ament_install']
[1.554s] Level 1:colcon.colcon_core.package_identification:_identify(launch/__pycache__) by extension 'ignore'
[1.554s] Level 1:colcon.colcon_core.package_identification:_identify(launch/__pycache__) by extension 'ignore_ament_install'
[1.554s] Level 1:colcon.colcon_core.package_identification:_identify(launch/__pycache__) by extensions ['colcon_pkg']
[1.554s] Level 1:colcon.colcon_core.package_identification:_identify(launch/__pycache__) by extension 'colcon_pkg'
[1.554s] Level 1:colcon.colcon_core.package_identification:_identify(launch/__pycache__) by extensions ['colcon_meta']
[1.554s] Level 1:colcon.colcon_core.package_identification:_identify(launch/__pycache__) by extension 'colcon_meta'
[1.554s] Level 1:colcon.colcon_core.package_identification:_identify(launch/__pycache__) by extensions ['ros']
[1.554s] Level 1:colcon.colcon_core.package_identification:_identify(launch/__pycache__) by extension 'ros'
[1.554s] Level 1:colcon.colcon_core.package_identification:_identify(launch/__pycache__) by extensions ['cmake', 'python']
[1.554s] Level 1:colcon.colcon_core.package_identification:_identify(launch/__pycache__) by extension 'cmake'
[1.554s] Level 1:colcon.colcon_core.package_identification:_identify(launch/__pycache__) by extension 'python'
[1.554s] Level 1:colcon.colcon_core.package_identification:_identify(launch/__pycache__) by extensions ['python_setup_py']
[1.554s] Level 1:colcon.colcon_core.package_identification:_identify(launch/__pycache__) by extension 'python_setup_py'
[1.555s] Level 1:colcon.colcon_core.package_identification:_identify(log) by extensions ['ignore', 'ignore_ament_install']
[1.555s] Level 1:colcon.colcon_core.package_identification:_identify(log) by extension 'ignore'
[1.555s] Level 1:colcon.colcon_core.package_identification:_identify(log) ignored
[1.555s] Level 1:colcon.colcon_core.package_identification:_identify(src) by extensions ['ignore', 'ignore_ament_install']
[1.556s] Level 1:colcon.colcon_core.package_identification:_identify(src) by extension 'ignore'
[1.556s] Level 1:colcon.colcon_core.package_identification:_identify(src) by extension 'ignore_ament_install'
[1.556s] Level 1:colcon.colcon_core.package_identification:_identify(src) by extensions ['colcon_pkg']
[1.556s] Level 1:colcon.colcon_core.package_identification:_identify(src) by extension 'colcon_pkg'
[1.556s] Level 1:colcon.colcon_core.package_identification:_identify(src) by extensions ['colcon_meta']
[1.556s] Level 1:colcon.colcon_core.package_identification:_identify(src) by extension 'colcon_meta'
[1.556s] Level 1:colcon.colcon_core.package_identification:_identify(src) by extensions ['ros']
[1.556s] Level 1:colcon.colcon_core.package_identification:_identify(src) by extension 'ros'
[1.556s] Level 1:colcon.colcon_core.package_identification:_identify(src) by extensions ['cmake', 'python']
[1.556s] Level 1:colcon.colcon_core.package_identification:_identify(src) by extension 'cmake'
[1.556s] Level 1:colcon.colcon_core.package_identification:_identify(src) by extension 'python'
[1.556s] Level 1:colcon.colcon_core.package_identification:_identify(src) by extensions ['python_setup_py']
[1.556s] Level 1:colcon.colcon_core.package_identification:_identify(src) by extension 'python_setup_py'
[1.556s] Level 1:colcon.colcon_core.package_identification:_identify(src/experiment_python) by extensions ['ignore', 'ignore_ament_install']
[1.556s] Level 1:colcon.colcon_core.package_identification:_identify(src/experiment_python) by extension 'ignore'
[1.557s] Level 1:colcon.colcon_core.package_identification:_identify(src/experiment_python) by extension 'ignore_ament_install'
[1.557s] Level 1:colcon.colcon_core.package_identification:_identify(src/experiment_python) by extensions ['colcon_pkg']
[1.557s] Level 1:colcon.colcon_core.package_identification:_identify(src/experiment_python) by extension 'colcon_pkg'
[1.557s] Level 1:colcon.colcon_core.package_identification:_identify(src/experiment_python) by extensions ['colcon_meta']
[1.557s] Level 1:colcon.colcon_core.package_identification:_identify(src/experiment_python) by extension 'colcon_meta'
[1.557s] Level 1:colcon.colcon_core.package_identification:_identify(src/experiment_python) by extensions ['ros']
[1.557s] Level 1:colcon.colcon_core.package_identification:_identify(src/experiment_python) by extension 'ros'
[1.560s] DEBUG:colcon.colcon_core.package_identification:Package 'src/experiment_python' with type 'ros.ament_python' and name 'experiment_python'
[1.560s] Level 1:colcon.colcon_core.package_identification:_identify(templates) by extensions ['ignore', 'ignore_ament_install']
[1.560s] Level 1:colcon.colcon_core.package_identification:_identify(templates) by extension 'ignore'
[1.560s] Level 1:colcon.colcon_core.package_identification:_identify(templates) by extension 'ignore_ament_install'
[1.560s] Level 1:colcon.colcon_core.package_identification:_identify(templates) by extensions ['colcon_pkg']
[1.560s] Level 1:colcon.colcon_core.package_identification:_identify(templates) by extension 'colcon_pkg'
[1.561s] Level 1:colcon.colcon_core.package_identification:_identify(templates) by extensions ['colcon_meta']
[1.561s] Level 1:colcon.colcon_core.package_identification:_identify(templates) by extension 'colcon_meta'
[1.561s] Level 1:colcon.colcon_core.package_identification:_identify(templates) by extensions ['ros']
[1.561s] Level 1:colcon.colcon_core.package_identification:_identify(templates) by extension 'ros'
[1.561s] Level 1:colcon.colcon_core.package_identification:_identify(templates) by extensions ['cmake', 'python']
[1.561s] Level 1:colcon.colcon_core.package_identification:_identify(templates) by extension 'cmake'
[1.561s] Level 1:colcon.colcon_core.package_identification:_identify(templates) by extension 'python'
[1.561s] Level 1:colcon.colcon_core.package_identification:_identify(templates) by extensions ['python_setup_py']
[1.561s] Level 1:colcon.colcon_core.package_identification:_identify(templates) by extension 'python_setup_py'
[1.561s] Level 1:colcon.colcon_core.package_discovery:discover_packages(recursive) using defaults
[1.561s] Level 1:colcon.colcon_core.package_discovery:discover_packages(ignore) discover
[1.561s] Level 1:colcon.colcon_core.package_discovery:discover_packages(ignore) using defaults
[1.562s] Level 1:colcon.colcon_core.package_discovery:discover_packages(path) discover
[1.562s] Level 1:colcon.colcon_core.package_discovery:discover_packages(path) using defaults
[1.719s] Level 1:colcon.colcon_core.package_discovery:discover_packages(prefix_path) check parameters
[1.719s] Level 1:colcon.colcon_core.package_discovery:discover_packages(prefix_path) discover
[1.779s] DEBUG:colcon.colcon_installed_package_information.package_discovery:Found 1 installed packages in /home/kaibuchisoma/test_ws/install
[1.802s] DEBUG:colcon.colcon_installed_package_information.package_discovery:Found 271 installed packages in /opt/ros/humble
[1.804s] Level 1:colcon.colcon_core.package_discovery:discover_packages(prefix_path) using defaults
[1.931s] Level 5:colcon.colcon_core.verb:set package 'experiment_python' build argument 'cmake_args' from command line to 'None'
[1.931s] Level 5:colcon.colcon_core.verb:set package 'experiment_python' build argument 'cmake_target' from command line to 'None'
[1.931s] Level 5:colcon.colcon_core.verb:set package 'experiment_python' build argument 'cmake_target_skip_unavailable' from command line to 'False'
[1.931s] Level 5:colcon.colcon_core.verb:set package 'experiment_python' build argument 'cmake_clean_cache' from command line to 'False'
[1.931s] Level 5:colcon.colcon_core.verb:set package 'experiment_python' build argument 'cmake_clean_first' from command line to 'False'
[1.931s] Level 5:colcon.colcon_core.verb:set package 'experiment_python' build argument 'cmake_force_configure' from command line to 'False'
[1.931s] Level 5:colcon.colcon_core.verb:set package 'experiment_python' build argument 'ament_cmake_args' from command line to 'None'
[1.931s] Level 5:colcon.colcon_core.verb:set package 'experiment_python' build argument 'catkin_cmake_args' from command line to 'None'
[1.931s] Level 5:colcon.colcon_core.verb:set package 'experiment_python' build argument 'catkin_skip_building_tests' from command line to 'False'
[1.931s] DEBUG:colcon.colcon_core.verb:Building package 'experiment_python' with the following arguments: {'ament_cmake_args': None, 'build_base': '/home/kaibuchisoma/test_ws/build/experiment_python', 'catkin_cmake_args': None, 'catkin_skip_building_tests': False, 'cmake_args': None, 'cmake_clean_cache': False, 'cmake_clean_first': False, 'cmake_force_configure': False, 'cmake_target': None, 'cmake_target_skip_unavailable': False, 'install_base': '/home/kaibuchisoma/test_ws/install/experiment_python', 'merge_install': False, 'path': '/home/kaibuchisoma/test_ws/src/experiment_python', 'symlink_install': False, 'test_result_base': None}
[1.953s] INFO:colcon.colcon_core.executor:Executing jobs using 'parallel' executor
[1.976s] DEBUG:colcon.colcon_parallel_executor.executor.parallel:run_until_complete
[1.976s] INFO:colcon.colcon_ros.task.ament_python.build:Building ROS package in '/home/kaibuchisoma/test_ws/src/experiment_python' with build type 'ament_python'
[1.976s] Level 1:colcon.colcon_core.shell:create_environment_hook('experiment_python', 'ament_prefix_path')
[2.009s] INFO:colcon.colcon_core.plugin_system:Skipping extension 'colcon_core.shell.bat': Not used on non-Windows systems
[2.009s] INFO:colcon.colcon_core.shell:Creating environment hook '/home/kaibuchisoma/test_ws/install/experiment_python/share/experiment_python/hook/ament_prefix_path.ps1'
[2.010s] INFO:colcon.colcon_core.shell:Creating environment descriptor '/home/kaibuchisoma/test_ws/install/experiment_python/share/experiment_python/hook/ament_prefix_path.dsv'
[2.011s] INFO:colcon.colcon_core.shell:Creating environment hook '/home/kaibuchisoma/test_ws/install/experiment_python/share/experiment_python/hook/ament_prefix_path.sh'
[2.035s] INFO:colcon.colcon_core.shell:Skip shell extension 'powershell' for command environment: Not usable outside of PowerShell
[2.035s] DEBUG:colcon.colcon_core.shell:Skip shell extension 'dsv' for command environment
[2.406s] INFO:colcon.colcon_core.task.python.build:Building Python package in '/home/kaibuchisoma/test_ws/src/experiment_python'
[2.424s] INFO:colcon.colcon_core.shell:Skip shell extension 'powershell' for command environment: Not usable outside of PowerShell
[2.424s] DEBUG:colcon.colcon_core.shell:Skip shell extension 'dsv' for command environment
[2.856s] DEBUG:colcon.colcon_core.event_handler.log_command:Invoking command in '/home/kaibuchisoma/test_ws/src/experiment_python': PYTHONPATH=/home/kaibuchisoma/test_ws/build/experiment_python/prefix_override:/home/kaibuchisoma/test_ws/install/experiment_python/lib/python3.10/site-packages:${PYTHONPATH} /usr/bin/python3 setup.py egg_info --egg-base ../../build/experiment_python build --build-base /home/kaibuchisoma/test_ws/build/experiment_python/build install --record /home/kaibuchisoma/test_ws/build/experiment_python/install.log --single-version-externally-managed
[3.218s] DEBUG:colcon.colcon_core.event_handler.log_command:Invoked command in '/home/kaibuchisoma/test_ws/src/experiment_python' returned '0': PYTHONPATH=/home/kaibuchisoma/test_ws/build/experiment_python/prefix_override:/home/kaibuchisoma/test_ws/install/experiment_python/lib/python3.10/site-packages:${PYTHONPATH} /usr/bin/python3 setup.py egg_info --egg-base ../../build/experiment_python build --build-base /home/kaibuchisoma/test_ws/build/experiment_python/build install --record /home/kaibuchisoma/test_ws/build/experiment_python/install.log --single-version-externally-managed
[3.247s] Level 1:colcon.colcon_core.environment:checking '/home/kaibuchisoma/test_ws/install/experiment_python' for CMake module files
[3.247s] Level 1:colcon.colcon_core.environment:checking '/home/kaibuchisoma/test_ws/install/experiment_python' for CMake config files
[3.248s] Level 1:colcon.colcon_core.environment:checking '/home/kaibuchisoma/test_ws/install/experiment_python/lib'
[3.248s] Level 1:colcon.colcon_core.environment:checking '/home/kaibuchisoma/test_ws/install/experiment_python/bin'
[3.248s] Level 1:colcon.colcon_core.environment:checking '/home/kaibuchisoma/test_ws/install/experiment_python/lib/pkgconfig/experiment_python.pc'
[3.248s] Level 1:colcon.colcon_core.environment:checking '/home/kaibuchisoma/test_ws/install/experiment_python/lib/python3.10/site-packages'
[3.249s] Level 1:colcon.colcon_core.shell:create_environment_hook('experiment_python', 'pythonpath')
[3.270s] INFO:colcon.colcon_core.shell:Creating environment hook '/home/kaibuchisoma/test_ws/install/experiment_python/share/experiment_python/hook/pythonpath.ps1'
[3.270s] INFO:colcon.colcon_core.shell:Creating environment descriptor '/home/kaibuchisoma/test_ws/install/experiment_python/share/experiment_python/hook/pythonpath.dsv'
[3.271s] INFO:colcon.colcon_core.shell:Creating environment hook '/home/kaibuchisoma/test_ws/install/experiment_python/share/experiment_python/hook/pythonpath.sh'
[3.271s] Level 1:colcon.colcon_core.environment:checking '/home/kaibuchisoma/test_ws/install/experiment_python/bin'
[3.272s] Level 1:colcon.colcon_core.environment:create_environment_scripts_only(experiment_python)
[3.295s] INFO:colcon.colcon_core.shell:Creating package script '/home/kaibuchisoma/test_ws/install/experiment_python/share/experiment_python/package.ps1'
[3.296s] INFO:colcon.colcon_core.shell:Creating package descriptor '/home/kaibuchisoma/test_ws/install/experiment_python/share/experiment_python/package.dsv'
[3.297s] INFO:colcon.colcon_core.shell:Creating package script '/home/kaibuchisoma/test_ws/install/experiment_python/share/experiment_python/package.sh'
[3.297s] INFO:colcon.colcon_core.shell:Creating package script '/home/kaibuchisoma/test_ws/install/experiment_python/share/experiment_python/package.bash'
[3.298s] INFO:colcon.colcon_core.shell:Creating package script '/home/kaibuchisoma/test_ws/install/experiment_python/share/experiment_python/package.zsh'
[3.299s] Level 1:colcon.colcon_core.environment:create_file_with_runtime_dependencies(/home/kaibuchisoma/test_ws/install/experiment_python/share/colcon-core/packages/experiment_python)
[3.299s] DEBUG:colcon.colcon_parallel_executor.executor.parallel:closing loop
[3.300s] DEBUG:colcon.colcon_parallel_executor.executor.parallel:loop closed
[3.300s] DEBUG:colcon.colcon_parallel_executor.executor.parallel:run_until_complete finished with '0'
[3.300s] DEBUG:colcon.colcon_core.event_reactor:joining thread
[3.336s] INFO:colcon.colcon_core.plugin_system:Skipping extension 'colcon_notification.desktop_notification.terminal_notifier': Not used on non-Darwin systems
[3.336s] INFO:colcon.colcon_core.plugin_system:Skipping extension 'colcon_notification.desktop_notification.win32': Not used on non-Windows systems
[3.336s] INFO:colcon.colcon_notification.desktop_notification:Sending desktop notification using 'notify2'
[3.349s] DEBUG:colcon.colcon_core.event_reactor:joined thread
[3.374s] INFO:colcon.colcon_core.shell:Creating prefix script '/home/kaibuchisoma/test_ws/install/local_setup.ps1'
[3.375s] INFO:colcon.colcon_core.shell:Creating prefix util module '/home/kaibuchisoma/test_ws/install/_local_setup_util_ps1.py'
[3.376s] INFO:colcon.colcon_core.shell:Creating prefix chain script '/home/kaibuchisoma/test_ws/install/setup.ps1'
[3.402s] INFO:colcon.colcon_core.shell:Creating prefix script '/home/kaibuchisoma/test_ws/install/local_setup.sh'
[3.403s] INFO:colcon.colcon_core.shell:Creating prefix util module '/home/kaibuchisoma/test_ws/install/_local_setup_util_sh.py'
[3.403s] INFO:colcon.colcon_core.shell:Creating prefix chain script '/home/kaibuchisoma/test_ws/install/setup.sh'
[3.426s] INFO:colcon.colcon_core.shell:Creating prefix script '/home/kaibuchisoma/test_ws/install/local_setup.bash'
[3.427s] INFO:colcon.colcon_core.shell:Creating prefix chain script '/home/kaibuchisoma/test_ws/install/setup.bash'
[3.449s] INFO:colcon.colcon_core.shell:Creating prefix script '/home/kaibuchisoma/test_ws/install/local_setup.zsh'
[3.450s] INFO:colcon.colcon_core.shell:Creating prefix chain script '/home/kaibuchisoma/test_ws/install/setup.zsh'
