[0.940s] Invoking command in '/home/kaibuchisoma/test_ws/src/experiment_python': PYTHONPATH=/home/kaibuchisoma/test_ws/build/experiment_python/prefix_override:/home/kaibuchisoma/test_ws/install/experiment_python/lib/python3.10/site-packages:${PYTHONPATH} /usr/bin/python3 setup.py egg_info --egg-base ../../build/experiment_python build --build-base /home/kaibuchisoma/test_ws/build/experiment_python/build install --record /home/kaibuchisoma/test_ws/build/experiment_python/install.log --single-version-externally-managed
[1.245s] running egg_info
[1.246s] writing ../../build/experiment_python/experiment_python.egg-info/PKG-INFO
[1.246s] writing dependency_links to ../../build/experiment_python/experiment_python.egg-info/dependency_links.txt
[1.247s] writing entry points to ../../build/experiment_python/experiment_python.egg-info/entry_points.txt
[1.247s] writing requirements to ../../build/experiment_python/experiment_python.egg-info/requires.txt
[1.247s] writing top-level names to ../../build/experiment_python/experiment_python.egg-info/top_level.txt
[1.249s] reading manifest file '../../build/experiment_python/experiment_python.egg-info/SOURCES.txt'
[1.249s] writing manifest file '../../build/experiment_python/experiment_python.egg-info/SOURCES.txt'
[1.250s] running build
[1.250s] running build_py
[1.250s] copying experiment_python/webserver.py -> /home/kaibuchisoma/test_ws/build/experiment_python/build/lib/experiment_python
[1.251s] running install
[1.251s] /usr/lib/python3/dist-packages/setuptools/command/install.py:34: SetuptoolsDeprecationWarning: setup.py install is deprecated. Use build and pip and other standards-based tools.
[1.251s]   warnings.warn(
[1.251s] running install_lib
[1.252s] copying /home/kaibuchisoma/test_ws/build/experiment_python/build/lib/experiment_python/webserver.py -> /home/kaibuchisoma/test_ws/install/experiment_python/lib/python3.10/site-packages/experiment_python
[1.253s] byte-compiling /home/kaibuchisoma/test_ws/install/experiment_python/lib/python3.10/site-packages/experiment_python/Drive_Controller.py to Drive_Controller.cpython-310.pyc
[1.253s] Sorry: IndentationError: expected an indented block after 'elif' statement on line 81 (Drive_Controller.py, line 89)
[1.254s] byte-compiling /home/kaibuchisoma/test_ws/install/experiment_python/lib/python3.10/site-packages/experiment_python/webserver.py to webserver.cpython-310.pyc
[1.255s] running install_data
[1.255s] running install_egg_info
[1.257s] removing '/home/kaibuchisoma/test_ws/install/experiment_python/lib/python3.10/site-packages/experiment_python-0.0.0-py3.10.egg-info' (and everything under it)
[1.257s] Copying ../../build/experiment_python/experiment_python.egg-info to /home/kaibuchisoma/test_ws/install/experiment_python/lib/python3.10/site-packages/experiment_python-0.0.0-py3.10.egg-info
[1.259s] running install_scripts
[1.276s] Installing Collect_Controller script to /home/kaibuchisoma/test_ws/install/experiment_python/lib/experiment_python
[1.277s] Installing Drive_Controller script to /home/kaibuchisoma/test_ws/install/experiment_python/lib/experiment_python
[1.277s] Installing communicateWebSockets_ESP32 script to /home/kaibuchisoma/test_ws/install/experiment_python/lib/experiment_python
[1.277s] Installing communicateWiFiUDP_ESP32 script to /home/kaibuchisoma/test_ws/install/experiment_python/lib/experiment_python
[1.277s] Installing communicateWiFi_ESP32 script to /home/kaibuchisoma/test_ws/install/experiment_python/lib/experiment_python
[1.277s] Installing webserver script to /home/kaibuchisoma/test_ws/install/experiment_python/lib/experiment_python
[1.277s] writing list of installed files to '/home/kaibuchisoma/test_ws/build/experiment_python/install.log'
[1.297s] Invoked command in '/home/kaibuchisoma/test_ws/src/experiment_python' returned '0': PYTHONPATH=/home/kaibuchisoma/test_ws/build/experiment_python/prefix_override:/home/kaibuchisoma/test_ws/install/experiment_python/lib/python3.10/site-packages:${PYTHONPATH} /usr/bin/python3 setup.py egg_info --egg-base ../../build/experiment_python build --build-base /home/kaibuchisoma/test_ws/build/experiment_python/build install --record /home/kaibuchisoma/test_ws/build/experiment_python/install.log --single-version-externally-managed
