[0.860s] Invoking command in '/home/kaibuchisoma/test_ws/src/experiment_python': PYTHONPATH=/home/kaibuchisoma/test_ws/build/experiment_python/prefix_override:/home/kaibuchisoma/test_ws/install/experiment_python/lib/python3.10/site-packages:${PYTHONPATH} /usr/bin/python3 setup.py egg_info --egg-base ../../build/experiment_python build --build-base /home/kaibuchisoma/test_ws/build/experiment_python/build install --record /home/kaibuchisoma/test_ws/build/experiment_python/install.log --single-version-externally-managed
[1.128s] running egg_info
[1.129s] writing ../../build/experiment_python/experiment_python.egg-info/PKG-INFO
[1.129s] writing dependency_links to ../../build/experiment_python/experiment_python.egg-info/dependency_links.txt
[1.129s] writing entry points to ../../build/experiment_python/experiment_python.egg-info/entry_points.txt
[1.129s] writing requirements to ../../build/experiment_python/experiment_python.egg-info/requires.txt
[1.129s] writing top-level names to ../../build/experiment_python/experiment_python.egg-info/top_level.txt
[1.131s] reading manifest file '../../build/experiment_python/experiment_python.egg-info/SOURCES.txt'
[1.132s] writing manifest file '../../build/experiment_python/experiment_python.egg-info/SOURCES.txt'
[1.132s] running build
[1.132s] running build_py
[1.132s] copying experiment_python/sp_flask.py -> /home/kaibuchisoma/test_ws/build/experiment_python/build/lib/experiment_python
[1.132s] copying experiment_python/webserver.py -> /home/kaibuchisoma/test_ws/build/experiment_python/build/lib/experiment_python
[1.133s] running install
[1.133s] /usr/lib/python3/dist-packages/setuptools/command/install.py:34: SetuptoolsDeprecationWarning: setup.py install is deprecated. Use build and pip and other standards-based tools.
[1.133s]   warnings.warn(
[1.133s] running install_lib
[1.134s] copying /home/kaibuchisoma/test_ws/build/experiment_python/build/lib/experiment_python/sp_flask.py -> /home/kaibuchisoma/test_ws/install/experiment_python/lib/python3.10/site-packages/experiment_python
[1.135s] copying /home/kaibuchisoma/test_ws/build/experiment_python/build/lib/experiment_python/webserver.py -> /home/kaibuchisoma/test_ws/install/experiment_python/lib/python3.10/site-packages/experiment_python
[1.135s] byte-compiling /home/kaibuchisoma/test_ws/install/experiment_python/lib/python3.10/site-packages/experiment_python/sp_flask.py to sp_flask.cpython-310.pyc
[1.136s] byte-compiling /home/kaibuchisoma/test_ws/install/experiment_python/lib/python3.10/site-packages/experiment_python/Drive_Controller.py to Drive_Controller.cpython-310.pyc
[1.136s] Sorry: IndentationError: expected an indented block after 'elif' statement on line 81 (Drive_Controller.py, line 89)
[1.137s] byte-compiling /home/kaibuchisoma/test_ws/install/experiment_python/lib/python3.10/site-packages/experiment_python/webserver.py to webserver.cpython-310.pyc
[1.137s] running install_data
[1.138s] running install_egg_info
[1.139s] removing '/home/kaibuchisoma/test_ws/install/experiment_python/lib/python3.10/site-packages/experiment_python-0.0.0-py3.10.egg-info' (and everything under it)
[1.140s] Copying ../../build/experiment_python/experiment_python.egg-info to /home/kaibuchisoma/test_ws/install/experiment_python/lib/python3.10/site-packages/experiment_python-0.0.0-py3.10.egg-info
[1.141s] running install_scripts
[1.159s] Installing Collect_Controller script to /home/kaibuchisoma/test_ws/install/experiment_python/lib/experiment_python
[1.159s] Installing Drive_Controller script to /home/kaibuchisoma/test_ws/install/experiment_python/lib/experiment_python
[1.159s] Installing communicateWebSockets_ESP32 script to /home/kaibuchisoma/test_ws/install/experiment_python/lib/experiment_python
[1.159s] Installing communicateWiFiUDP_ESP32 script to /home/kaibuchisoma/test_ws/install/experiment_python/lib/experiment_python
[1.159s] Installing communicateWiFi_ESP32 script to /home/kaibuchisoma/test_ws/install/experiment_python/lib/experiment_python
[1.159s] Installing sp_flask script to /home/kaibuchisoma/test_ws/install/experiment_python/lib/experiment_python
[1.159s] Installing webserver script to /home/kaibuchisoma/test_ws/install/experiment_python/lib/experiment_python
[1.160s] writing list of installed files to '/home/kaibuchisoma/test_ws/build/experiment_python/install.log'
[1.179s] Invoked command in '/home/kaibuchisoma/test_ws/src/experiment_python' returned '0': PYTHONPATH=/home/kaibuchisoma/test_ws/build/experiment_python/prefix_override:/home/kaibuchisoma/test_ws/install/experiment_python/lib/python3.10/site-packages:${PYTHONPATH} /usr/bin/python3 setup.py egg_info --egg-base ../../build/experiment_python build --build-base /home/kaibuchisoma/test_ws/build/experiment_python/build install --record /home/kaibuchisoma/test_ws/build/experiment_python/install.log --single-version-externally-managed
