[0.751s] Invoking command in '/home/kaibuchisoma/test_ws/src/experiment_python': PYTHONPATH=/home/kaibuchisoma/test_ws/build/experiment_python/prefix_override:/home/kaibuchisoma/test_ws/install/experiment_python/lib/python3.10/site-packages:${PYTHONPATH} /usr/bin/python3 setup.py egg_info --egg-base ../../build/experiment_python build --build-base /home/kaibuchisoma/test_ws/build/experiment_python/build install --record /home/kaibuchisoma/test_ws/build/experiment_python/install.log --single-version-externally-managed
[0.969s] running egg_info
[0.969s] writing ../../build/experiment_python/experiment_python.egg-info/PKG-INFO
[0.976s] writing dependency_links to ../../build/experiment_python/experiment_python.egg-info/dependency_links.txt
[0.977s] writing entry points to ../../build/experiment_python/experiment_python.egg-info/entry_points.txt
[0.977s] writing requirements to ../../build/experiment_python/experiment_python.egg-info/requires.txt
[0.977s] writing top-level names to ../../build/experiment_python/experiment_python.egg-info/top_level.txt
[0.978s] reading manifest file '../../build/experiment_python/experiment_python.egg-info/SOURCES.txt'
[0.979s] writing manifest file '../../build/experiment_python/experiment_python.egg-info/SOURCES.txt'
[0.979s] running build
[0.979s] running build_py
[0.980s] copying experiment_python/timer.py -> /home/kaibuchisoma/test_ws/build/experiment_python/build/lib/experiment_python
[0.980s] copying experiment_python/webserver.py -> /home/kaibuchisoma/test_ws/build/experiment_python/build/lib/experiment_python
[0.981s] running install
[0.981s] /usr/lib/python3/dist-packages/setuptools/command/install.py:34: SetuptoolsDeprecationWarning: setup.py install is deprecated. Use build and pip and other standards-based tools.
[0.981s]   warnings.warn(
[0.981s] running install_lib
[0.982s] copying /home/kaibuchisoma/test_ws/build/experiment_python/build/lib/experiment_python/timer.py -> /home/kaibuchisoma/test_ws/install/experiment_python/lib/python3.10/site-packages/experiment_python
[0.982s] copying /home/kaibuchisoma/test_ws/build/experiment_python/build/lib/experiment_python/webserver.py -> /home/kaibuchisoma/test_ws/install/experiment_python/lib/python3.10/site-packages/experiment_python
[0.983s] byte-compiling /home/kaibuchisoma/test_ws/install/experiment_python/lib/python3.10/site-packages/experiment_python/timer.py to timer.cpython-310.pyc
[0.983s] byte-compiling /home/kaibuchisoma/test_ws/install/experiment_python/lib/python3.10/site-packages/experiment_python/webserver.py to webserver.cpython-310.pyc
[0.984s] running install_data
[0.985s] running install_egg_info
[0.986s] removing '/home/kaibuchisoma/test_ws/install/experiment_python/lib/python3.10/site-packages/experiment_python-0.0.0-py3.10.egg-info' (and everything under it)
[0.986s] Copying ../../build/experiment_python/experiment_python.egg-info to /home/kaibuchisoma/test_ws/install/experiment_python/lib/python3.10/site-packages/experiment_python-0.0.0-py3.10.egg-info
[0.987s] running install_scripts
[1.002s] Installing Collect_Controller script to /home/kaibuchisoma/test_ws/install/experiment_python/lib/experiment_python
[1.002s] Installing Drive_Controller script to /home/kaibuchisoma/test_ws/install/experiment_python/lib/experiment_python
[1.002s] Installing communicateWebSockets_ESP32 script to /home/kaibuchisoma/test_ws/install/experiment_python/lib/experiment_python
[1.002s] Installing communicateWiFiUDP_ESP32 script to /home/kaibuchisoma/test_ws/install/experiment_python/lib/experiment_python
[1.002s] Installing communicateWiFi_ESP32 script to /home/kaibuchisoma/test_ws/install/experiment_python/lib/experiment_python
[1.002s] Installing webserver script to /home/kaibuchisoma/test_ws/install/experiment_python/lib/experiment_python
[1.003s] writing list of installed files to '/home/kaibuchisoma/test_ws/build/experiment_python/install.log'
[1.022s] Invoked command in '/home/kaibuchisoma/test_ws/src/experiment_python' returned '0': PYTHONPATH=/home/kaibuchisoma/test_ws/build/experiment_python/prefix_override:/home/kaibuchisoma/test_ws/install/experiment_python/lib/python3.10/site-packages:${PYTHONPATH} /usr/bin/python3 setup.py egg_info --egg-base ../../build/experiment_python build --build-base /home/kaibuchisoma/test_ws/build/experiment_python/build install --record /home/kaibuchisoma/test_ws/build/experiment_python/install.log --single-version-externally-managed
