running egg_info
creating ../../build/experiment_python/experiment_python.egg-info
writing ../../build/experiment_python/experiment_python.egg-info/PKG-INFO
writing dependency_links to ../../build/experiment_python/experiment_python.egg-info/dependency_links.txt
writing entry points to ../../build/experiment_python/experiment_python.egg-info/entry_points.txt
writing requirements to ../../build/experiment_python/experiment_python.egg-info/requires.txt
writing top-level names to ../../build/experiment_python/experiment_python.egg-info/top_level.txt
writing manifest file '../../build/experiment_python/experiment_python.egg-info/SOURCES.txt'
reading manifest file '../../build/experiment_python/experiment_python.egg-info/SOURCES.txt'
writing manifest file '../../build/experiment_python/experiment_python.egg-info/SOURCES.txt'
running build
running build_py
creating /home/kaibuchisoma/test_ws/build/experiment_python/build
creating /home/kaibuchisoma/test_ws/build/experiment_python/build/lib
creating /home/kaibuchisoma/test_ws/build/experiment_python/build/lib/experiment_python
copying experiment_python/joysub.py -> /home/kaibuchisoma/test_ws/build/experiment_python/build/lib/experiment_python
copying experiment_python/__init__.py -> /home/kaibuchisoma/test_ws/build/experiment_python/build/lib/experiment_python
running install
running install_lib
creating /home/kaibuchisoma/test_ws/install/experiment_python/lib/python3.10/site-packages/experiment_python
copying /home/kaibuchisoma/test_ws/build/experiment_python/build/lib/experiment_python/joysub.py -> /home/kaibuchisoma/test_ws/install/experiment_python/lib/python3.10/site-packages/experiment_python
copying /home/kaibuchisoma/test_ws/build/experiment_python/build/lib/experiment_python/__init__.py -> /home/kaibuchisoma/test_ws/install/experiment_python/lib/python3.10/site-packages/experiment_python
byte-compiling /home/kaibuchisoma/test_ws/install/experiment_python/lib/python3.10/site-packages/experiment_python/joysub.py to joysub.cpython-310.pyc
byte-compiling /home/kaibuchisoma/test_ws/install/experiment_python/lib/python3.10/site-packages/experiment_python/__init__.py to __init__.cpython-310.pyc
running install_data
creating /home/kaibuchisoma/test_ws/install/experiment_python/share/ament_index
creating /home/kaibuchisoma/test_ws/install/experiment_python/share/ament_index/resource_index
creating /home/kaibuchisoma/test_ws/install/experiment_python/share/ament_index/resource_index/packages
copying resource/experiment_python -> /home/kaibuchisoma/test_ws/install/experiment_python/share/ament_index/resource_index/packages
copying package.xml -> /home/kaibuchisoma/test_ws/install/experiment_python/share/experiment_python
running install_egg_info
Copying ../../build/experiment_python/experiment_python.egg-info to /home/kaibuchisoma/test_ws/install/experiment_python/lib/python3.10/site-packages/experiment_python-0.0.0-py3.10.egg-info
running install_scripts
Installing serial script to /home/kaibuchisoma/test_ws/install/experiment_python/lib/experiment_python
writing list of installed files to '/home/kaibuchisoma/test_ws/build/experiment_python/install.log'
