[0.673s] Invoking command in '/home/kaibuchisoma/test_ws/src/experiment_python': PYTHONPATH=/home/kaibuchisoma/test_ws/build/experiment_python/prefix_override:/home/kaibuchisoma/test_ws/install/experiment_python/lib/python3.10/site-packages:${PYTHONPATH} /usr/bin/python3 setup.py egg_info --egg-base ../../build/experiment_python build --build-base /home/kaibuchisoma/test_ws/build/experiment_python/build install --record /home/kaibuchisoma/test_ws/build/experiment_python/install.log --single-version-externally-managed
[0.901s] running egg_info
[0.901s] creating ../../build/experiment_python/experiment_python.egg-info
[0.901s] writing ../../build/experiment_python/experiment_python.egg-info/PKG-INFO
[0.901s] writing dependency_links to ../../build/experiment_python/experiment_python.egg-info/dependency_links.txt
[0.901s] writing entry points to ../../build/experiment_python/experiment_python.egg-info/entry_points.txt
[0.901s] writing requirements to ../../build/experiment_python/experiment_python.egg-info/requires.txt
[0.901s] writing top-level names to ../../build/experiment_python/experiment_python.egg-info/top_level.txt
[0.901s] writing manifest file '../../build/experiment_python/experiment_python.egg-info/SOURCES.txt'
[0.903s] reading manifest file '../../build/experiment_python/experiment_python.egg-info/SOURCES.txt'
[0.903s] writing manifest file '../../build/experiment_python/experiment_python.egg-info/SOURCES.txt'
[0.903s] running build
[0.903s] running build_py
[0.903s] creating /home/kaibuchisoma/test_ws/build/experiment_python/build
[0.904s] creating /home/kaibuchisoma/test_ws/build/experiment_python/build/lib
[0.904s] creating /home/kaibuchisoma/test_ws/build/experiment_python/build/lib/experiment_python
[0.904s] copying experiment_python/joysub.py -> /home/kaibuchisoma/test_ws/build/experiment_python/build/lib/experiment_python
[0.904s] copying experiment_python/__init__.py -> /home/kaibuchisoma/test_ws/build/experiment_python/build/lib/experiment_python
[0.904s] running install
[0.904s] /usr/lib/python3/dist-packages/setuptools/command/install.py:34: SetuptoolsDeprecationWarning: setup.py install is deprecated. Use build and pip and other standards-based tools.
[0.904s]   warnings.warn(
[0.904s] running install_lib
[0.905s] creating /home/kaibuchisoma/test_ws/install/experiment_python/lib/python3.10/site-packages/experiment_python
[0.905s] copying /home/kaibuchisoma/test_ws/build/experiment_python/build/lib/experiment_python/joysub.py -> /home/kaibuchisoma/test_ws/install/experiment_python/lib/python3.10/site-packages/experiment_python
[0.905s] copying /home/kaibuchisoma/test_ws/build/experiment_python/build/lib/experiment_python/__init__.py -> /home/kaibuchisoma/test_ws/install/experiment_python/lib/python3.10/site-packages/experiment_python
[0.905s] byte-compiling /home/kaibuchisoma/test_ws/install/experiment_python/lib/python3.10/site-packages/experiment_python/joysub.py to joysub.cpython-310.pyc
[0.905s] byte-compiling /home/kaibuchisoma/test_ws/install/experiment_python/lib/python3.10/site-packages/experiment_python/__init__.py to __init__.cpython-310.pyc
[0.906s] running install_data
[0.906s] creating /home/kaibuchisoma/test_ws/install/experiment_python/share/ament_index
[0.906s] creating /home/kaibuchisoma/test_ws/install/experiment_python/share/ament_index/resource_index
[0.906s] creating /home/kaibuchisoma/test_ws/install/experiment_python/share/ament_index/resource_index/packages
[0.906s] copying resource/experiment_python -> /home/kaibuchisoma/test_ws/install/experiment_python/share/ament_index/resource_index/packages
[0.906s] copying package.xml -> /home/kaibuchisoma/test_ws/install/experiment_python/share/experiment_python
[0.906s] running install_egg_info
[0.908s] Copying ../../build/experiment_python/experiment_python.egg-info to /home/kaibuchisoma/test_ws/install/experiment_python/lib/python3.10/site-packages/experiment_python-0.0.0-py3.10.egg-info
[0.908s] running install_scripts
[0.924s] Installing serial script to /home/kaibuchisoma/test_ws/install/experiment_python/lib/experiment_python
[0.924s] writing list of installed files to '/home/kaibuchisoma/test_ws/build/experiment_python/install.log'
[0.945s] Invoked command in '/home/kaibuchisoma/test_ws/src/experiment_python' returned '0': PYTHONPATH=/home/kaibuchisoma/test_ws/build/experiment_python/prefix_override:/home/kaibuchisoma/test_ws/install/experiment_python/lib/python3.10/site-packages:${PYTHONPATH} /usr/bin/python3 setup.py egg_info --egg-base ../../build/experiment_python build --build-base /home/kaibuchisoma/test_ws/build/experiment_python/build install --record /home/kaibuchisoma/test_ws/build/experiment_python/install.log --single-version-externally-managed
