[0.748s] Invoking command in '/home/kaibuchisoma/test_ws/src/experiment_python': PYTHONPATH=/home/kaibuchisoma/test_ws/build/experiment_python/prefix_override:/home/kaibuchisoma/test_ws/install/experiment_python/lib/python3.10/site-packages:${PYTHONPATH} /usr/bin/python3 setup.py egg_info --egg-base ../../build/experiment_python build --build-base /home/kaibuchisoma/test_ws/build/experiment_python/build install --record /home/kaibuchisoma/test_ws/build/experiment_python/install.log --single-version-externally-managed
[0.991s] running egg_info
[0.991s] writing ../../build/experiment_python/experiment_python.egg-info/PKG-INFO
[0.992s] writing dependency_links to ../../build/experiment_python/experiment_python.egg-info/dependency_links.txt
[0.992s] writing entry points to ../../build/experiment_python/experiment_python.egg-info/entry_points.txt
[0.992s] writing requirements to ../../build/experiment_python/experiment_python.egg-info/requires.txt
[0.992s] writing top-level names to ../../build/experiment_python/experiment_python.egg-info/top_level.txt
[0.994s] reading manifest file '../../build/experiment_python/experiment_python.egg-info/SOURCES.txt'
[0.995s] writing manifest file '../../build/experiment_python/experiment_python.egg-info/SOURCES.txt'
[0.995s] running build
[0.995s] running build_py
[0.995s] copying experiment_python/communicateWiFiUDP_ESP32.py -> /home/kaibuchisoma/test_ws/build/experiment_python/build/lib/experiment_python
[0.996s] running install
[0.996s] /usr/lib/python3/dist-packages/setuptools/command/install.py:34: SetuptoolsDeprecationWarning: setup.py install is deprecated. Use build and pip and other standards-based tools.
[0.996s]   warnings.warn(
[0.996s] running install_lib
[0.997s] copying /home/kaibuchisoma/test_ws/build/experiment_python/build/lib/experiment_python/communicateWiFiUDP_ESP32.py -> /home/kaibuchisoma/test_ws/install/experiment_python/lib/python3.10/site-packages/experiment_python
[0.998s] byte-compiling /home/kaibuchisoma/test_ws/install/experiment_python/lib/python3.10/site-packages/experiment_python/communicateWiFiUDP_ESP32.py to communicateWiFiUDP_ESP32.cpython-310.pyc
[1.001s] byte-compiling /home/kaibuchisoma/test_ws/install/experiment_python/lib/python3.10/site-packages/experiment_python/Drive_Controller.py to Drive_Controller.cpython-310.pyc
[1.001s] Sorry: IndentationError: expected an indented block after 'elif' statement on line 81 (Drive_Controller.py, line 89)
[1.001s] running install_data
[1.002s] running install_egg_info
[1.003s] removing '/home/kaibuchisoma/test_ws/install/experiment_python/lib/python3.10/site-packages/experiment_python-0.0.0-py3.10.egg-info' (and everything under it)
[1.004s] Copying ../../build/experiment_python/experiment_python.egg-info to /home/kaibuchisoma/test_ws/install/experiment_python/lib/python3.10/site-packages/experiment_python-0.0.0-py3.10.egg-info
[1.005s] running install_scripts
[1.022s] Installing Collect_Controller script to /home/kaibuchisoma/test_ws/install/experiment_python/lib/experiment_python
[1.022s] Installing Drive_Controller script to /home/kaibuchisoma/test_ws/install/experiment_python/lib/experiment_python
[1.022s] Installing communicateWebSockets_ESP32 script to /home/kaibuchisoma/test_ws/install/experiment_python/lib/experiment_python
[1.022s] Installing communicateWiFiUDP_ESP32 script to /home/kaibuchisoma/test_ws/install/experiment_python/lib/experiment_python
[1.022s] Installing communicateWiFi_ESP32 script to /home/kaibuchisoma/test_ws/install/experiment_python/lib/experiment_python
[1.023s] Installing webserver script to /home/kaibuchisoma/test_ws/install/experiment_python/lib/experiment_python
[1.023s] writing list of installed files to '/home/kaibuchisoma/test_ws/build/experiment_python/install.log'
[1.047s] Invoked command in '/home/kaibuchisoma/test_ws/src/experiment_python' returned '0': PYTHONPATH=/home/kaibuchisoma/test_ws/build/experiment_python/prefix_override:/home/kaibuchisoma/test_ws/install/experiment_python/lib/python3.10/site-packages:${PYTHONPATH} /usr/bin/python3 setup.py egg_info --egg-base ../../build/experiment_python build --build-base /home/kaibuchisoma/test_ws/build/experiment_python/build install --record /home/kaibuchisoma/test_ws/build/experiment_python/install.log --single-version-externally-managed
