[1.844s] DEBUG:colcon:Command line arguments: ['/usr/bin/colcon', 'build']
[1.845s] DEBUG:colcon:Parsed command line arguments: Namespace(log_base=None, log_level=None, verb_name='build', build_base='build', install_base='install', merge_install=False, symlink_install=False, test_result_base=None, continue_on_error=False, executor='parallel', parallel_workers=12, event_handlers=None, ignore_user_meta=False, metas=['./colcon.meta'], base_paths=['.'], packages_ignore=None, packages_ignore_regex=None, paths=None, packages_up_to=None, packages_up_to_regex=None, packages_above=None, packages_above_and_dependencies=None, packages_above_depth=None, packages_select_by_dep=None, packages_skip_by_dep=None, packages_skip_up_to=None, packages_select_build_failed=False, packages_skip_build_finished=False, packages_select_test_failures=False, packages_skip_test_passed=False, packages_select=None, packages_skip=None, packages_select_regex=None, packages_skip_regex=None, packages_start=None, packages_end=None, allow_overriding=[], cmake_args=None, cmake_target=None, cmake_target_skip_unavailable=False, cmake_clean_cache=False, cmake_clean_first=False, cmake_force_configure=False, ament_cmake_args=None, catkin_cmake_args=None, catkin_skip_building_tests=False, verb_parser=<colcon_defaults.argument_parser.defaults.DefaultArgumentsDecorator object at 0x7f2f3849e230>, verb_extension=<colcon_core.verb.build.BuildVerb object at 0x7f2f384ae770>, main=<bound method BuildVerb.main of <colcon_core.verb.build.BuildVerb object at 0x7f2f384ae770>>)
[1.923s] Level 1:colcon.colcon_core.package_discovery:discover_packages(colcon_meta) check parameters
[1.923s] Level 1:colcon.colcon_core.package_discovery:discover_packages(recursive) check parameters
[1.923s] Level 1:colcon.colcon_core.package_discovery:discover_packages(ignore) check parameters
[1.923s] Level 1:colcon.colcon_core.package_discovery:discover_packages(path) check parameters
[1.923s] Level 1:colcon.colcon_core.package_discovery:discover_packages(colcon_meta) discover
[1.923s] Level 1:colcon.colcon_core.package_discovery:discover_packages(recursive) discover
[1.923s] INFO:colcon.colcon_core.package_discovery:Crawling recursively for packages in '/home/kaibuchisoma/test_ws'
[1.923s] Level 1:colcon.colcon_core.package_identification:_identify(.) by extensions ['ignore', 'ignore_ament_install']
[1.923s] Level 1:colcon.colcon_core.package_identification:_identify(.) by extension 'ignore'
[1.924s] Level 1:colcon.colcon_core.package_identification:_identify(.) by extension 'ignore_ament_install'
[1.924s] Level 1:colcon.colcon_core.package_identification:_identify(.) by extensions ['colcon_pkg']
[1.924s] Level 1:colcon.colcon_core.package_identification:_identify(.) by extension 'colcon_pkg'
[1.924s] Level 1:colcon.colcon_core.package_identification:_identify(.) by extensions ['colcon_meta']
[1.924s] Level 1:colcon.colcon_core.package_identification:_identify(.) by extension 'colcon_meta'
[1.924s] Level 1:colcon.colcon_core.package_identification:_identify(.) by extensions ['ros']
[1.924s] Level 1:colcon.colcon_core.package_identification:_identify(.) by extension 'ros'
[1.939s] Level 1:colcon.colcon_core.package_identification:_identify(.) by extensions ['cmake', 'python']
[1.939s] Level 1:colcon.colcon_core.package_identification:_identify(.) by extension 'cmake'
[1.939s] Level 1:colcon.colcon_core.package_identification:_identify(.) by extension 'python'
[1.939s] Level 1:colcon.colcon_core.package_identification:_identify(.) by extensions ['python_setup_py']
[1.939s] Level 1:colcon.colcon_core.package_identification:_identify(.) by extension 'python_setup_py'
[1.940s] Level 1:colcon.colcon_core.package_identification:_identify(ESP32) by extensions ['ignore', 'ignore_ament_install']
[1.940s] Level 1:colcon.colcon_core.package_identification:_identify(ESP32) by extension 'ignore'
[1.940s] Level 1:colcon.colcon_core.package_identification:_identify(ESP32) by extension 'ignore_ament_install'
[1.940s] Level 1:colcon.colcon_core.package_identification:_identify(ESP32) by extensions ['colcon_pkg']
[1.940s] Level 1:colcon.colcon_core.package_identification:_identify(ESP32) by extension 'colcon_pkg'
[1.940s] Level 1:colcon.colcon_core.package_identification:_identify(ESP32) by extensions ['colcon_meta']
[1.940s] Level 1:colcon.colcon_core.package_identification:_identify(ESP32) by extension 'colcon_meta'
[1.940s] Level 1:colcon.colcon_core.package_identification:_identify(ESP32) by extensions ['ros']
[1.940s] Level 1:colcon.colcon_core.package_identification:_identify(ESP32) by extension 'ros'
[1.940s] Level 1:colcon.colcon_core.package_identification:_identify(ESP32) by extensions ['cmake', 'python']
[1.940s] Level 1:colcon.colcon_core.package_identification:_identify(ESP32) by extension 'cmake'
[1.940s] Level 1:colcon.colcon_core.package_identification:_identify(ESP32) by extension 'python'
[1.940s] Level 1:colcon.colcon_core.package_identification:_identify(ESP32) by extensions ['python_setup_py']
[1.940s] Level 1:colcon.colcon_core.package_identification:_identify(ESP32) by extension 'python_setup_py'
[1.941s] Level 1:colcon.colcon_core.package_identification:_identify(ESP32/MiniRobo1_UDP) by extensions ['ignore', 'ignore_ament_install']
[1.941s] Level 1:colcon.colcon_core.package_identification:_identify(ESP32/MiniRobo1_UDP) by extension 'ignore'
[1.941s] Level 1:colcon.colcon_core.package_identification:_identify(ESP32/MiniRobo1_UDP) by extension 'ignore_ament_install'
[1.941s] Level 1:colcon.colcon_core.package_identification:_identify(ESP32/MiniRobo1_UDP) by extensions ['colcon_pkg']
[1.941s] Level 1:colcon.colcon_core.package_identification:_identify(ESP32/MiniRobo1_UDP) by extension 'colcon_pkg'
[1.941s] Level 1:colcon.colcon_core.package_identification:_identify(ESP32/MiniRobo1_UDP) by extensions ['colcon_meta']
[1.941s] Level 1:colcon.colcon_core.package_identification:_identify(ESP32/MiniRobo1_UDP) by extension 'colcon_meta'
[1.941s] Level 1:colcon.colcon_core.package_identification:_identify(ESP32/MiniRobo1_UDP) by extensions ['ros']
[1.941s] Level 1:colcon.colcon_core.package_identification:_identify(ESP32/MiniRobo1_UDP) by extension 'ros'
[1.941s] Level 1:colcon.colcon_core.package_identification:_identify(ESP32/MiniRobo1_UDP) by extensions ['cmake', 'python']
[1.941s] Level 1:colcon.colcon_core.package_identification:_identify(ESP32/MiniRobo1_UDP) by extension 'cmake'
[1.941s] Level 1:colcon.colcon_core.package_identification:_identify(ESP32/MiniRobo1_UDP) by extension 'python'
[1.941s] Level 1:colcon.colcon_core.package_identification:_identify(ESP32/MiniRobo1_UDP) by extensions ['python_setup_py']
[1.941s] Level 1:colcon.colcon_core.package_identification:_identify(ESP32/MiniRobo1_UDP) by extension 'python_setup_py'
[1.942s] Level 1:colcon.colcon_core.package_identification:_identify(ESP32/MiniRobo1_distance) by extensions ['ignore', 'ignore_ament_install']
[1.942s] Level 1:colcon.colcon_core.package_identification:_identify(ESP32/MiniRobo1_distance) by extension 'ignore'
[1.942s] Level 1:colcon.colcon_core.package_identification:_identify(ESP32/MiniRobo1_distance) by extension 'ignore_ament_install'
[1.942s] Level 1:colcon.colcon_core.package_identification:_identify(ESP32/MiniRobo1_distance) by extensions ['colcon_pkg']
[1.942s] Level 1:colcon.colcon_core.package_identification:_identify(ESP32/MiniRobo1_distance) by extension 'colcon_pkg'
[1.942s] Level 1:colcon.colcon_core.package_identification:_identify(ESP32/MiniRobo1_distance) by extensions ['colcon_meta']
[1.942s] Level 1:colcon.colcon_core.package_identification:_identify(ESP32/MiniRobo1_distance) by extension 'colcon_meta'
[1.942s] Level 1:colcon.colcon_core.package_identification:_identify(ESP32/MiniRobo1_distance) by extensions ['ros']
[1.942s] Level 1:colcon.colcon_core.package_identification:_identify(ESP32/MiniRobo1_distance) by extension 'ros'
[1.942s] Level 1:colcon.colcon_core.package_identification:_identify(ESP32/MiniRobo1_distance) by extensions ['cmake', 'python']
[1.942s] Level 1:colcon.colcon_core.package_identification:_identify(ESP32/MiniRobo1_distance) by extension 'cmake'
[1.942s] Level 1:colcon.colcon_core.package_identification:_identify(ESP32/MiniRobo1_distance) by extension 'python'
[1.943s] Level 1:colcon.colcon_core.package_identification:_identify(ESP32/MiniRobo1_distance) by extensions ['python_setup_py']
[1.943s] Level 1:colcon.colcon_core.package_identification:_identify(ESP32/MiniRobo1_distance) by extension 'python_setup_py'
[1.943s] Level 1:colcon.colcon_core.package_identification:_identify(build) by extensions ['ignore', 'ignore_ament_install']
[1.943s] Level 1:colcon.colcon_core.package_identification:_identify(build) by extension 'ignore'
[1.943s] Level 1:colcon.colcon_core.package_identification:_identify(build) ignored
[1.943s] Level 1:colcon.colcon_core.package_identification:_identify(img_drawChessboardCorners) by extensions ['ignore', 'ignore_ament_install']
[1.943s] Level 1:colcon.colcon_core.package_identification:_identify(img_drawChessboardCorners) by extension 'ignore'
[1.943s] Level 1:colcon.colcon_core.package_identification:_identify(img_drawChessboardCorners) by extension 'ignore_ament_install'
[1.944s] Level 1:colcon.colcon_core.package_identification:_identify(img_drawChessboardCorners) by extensions ['colcon_pkg']
[1.944s] Level 1:colcon.colcon_core.package_identification:_identify(img_drawChessboardCorners) by extension 'colcon_pkg'
[1.944s] Level 1:colcon.colcon_core.package_identification:_identify(img_drawChessboardCorners) by extensions ['colcon_meta']
[1.944s] Level 1:colcon.colcon_core.package_identification:_identify(img_drawChessboardCorners) by extension 'colcon_meta'
[1.944s] Level 1:colcon.colcon_core.package_identification:_identify(img_drawChessboardCorners) by extensions ['ros']
[1.944s] Level 1:colcon.colcon_core.package_identification:_identify(img_drawChessboardCorners) by extension 'ros'
[1.944s] Level 1:colcon.colcon_core.package_identification:_identify(img_drawChessboardCorners) by extensions ['cmake', 'python']
[1.944s] Level 1:colcon.colcon_core.package_identification:_identify(img_drawChessboardCorners) by extension 'cmake'
[1.944s] Level 1:colcon.colcon_core.package_identification:_identify(img_drawChessboardCorners) by extension 'python'
[1.944s] Level 1:colcon.colcon_core.package_identification:_identify(img_drawChessboardCorners) by extensions ['python_setup_py']
[1.944s] Level 1:colcon.colcon_core.package_identification:_identify(img_drawChessboardCorners) by extension 'python_setup_py'
[1.944s] Level 1:colcon.colcon_core.package_identification:_identify(img_resized) by extensions ['ignore', 'ignore_ament_install']
[1.945s] Level 1:colcon.colcon_core.package_identification:_identify(img_resized) by extension 'ignore'
[1.945s] Level 1:colcon.colcon_core.package_identification:_identify(img_resized) by extension 'ignore_ament_install'
[1.945s] Level 1:colcon.colcon_core.package_identification:_identify(img_resized) by extensions ['colcon_pkg']
[1.945s] Level 1:colcon.colcon_core.package_identification:_identify(img_resized) by extension 'colcon_pkg'
[1.945s] Level 1:colcon.colcon_core.package_identification:_identify(img_resized) by extensions ['colcon_meta']
[1.945s] Level 1:colcon.colcon_core.package_identification:_identify(img_resized) by extension 'colcon_meta'
[1.945s] Level 1:colcon.colcon_core.package_identification:_identify(img_resized) by extensions ['ros']
[1.945s] Level 1:colcon.colcon_core.package_identification:_identify(img_resized) by extension 'ros'
[1.945s] Level 1:colcon.colcon_core.package_identification:_identify(img_resized) by extensions ['cmake', 'python']
[1.945s] Level 1:colcon.colcon_core.package_identification:_identify(img_resized) by extension 'cmake'
[1.945s] Level 1:colcon.colcon_core.package_identification:_identify(img_resized) by extension 'python'
[1.945s] Level 1:colcon.colcon_core.package_identification:_identify(img_resized) by extensions ['python_setup_py']
[1.946s] Level 1:colcon.colcon_core.package_identification:_identify(img_resized) by extension 'python_setup_py'
[1.946s] Level 1:colcon.colcon_core.package_identification:_identify(img_undistort) by extensions ['ignore', 'ignore_ament_install']
[1.946s] Level 1:colcon.colcon_core.package_identification:_identify(img_undistort) by extension 'ignore'
[1.946s] Level 1:colcon.colcon_core.package_identification:_identify(img_undistort) by extension 'ignore_ament_install'
[1.946s] Level 1:colcon.colcon_core.package_identification:_identify(img_undistort) by extensions ['colcon_pkg']
[1.946s] Level 1:colcon.colcon_core.package_identification:_identify(img_undistort) by extension 'colcon_pkg'
[1.946s] Level 1:colcon.colcon_core.package_identification:_identify(img_undistort) by extensions ['colcon_meta']
[1.946s] Level 1:colcon.colcon_core.package_identification:_identify(img_undistort) by extension 'colcon_meta'
[1.946s] Level 1:colcon.colcon_core.package_identification:_identify(img_undistort) by extensions ['ros']
[1.946s] Level 1:colcon.colcon_core.package_identification:_identify(img_undistort) by extension 'ros'
[1.946s] Level 1:colcon.colcon_core.package_identification:_identify(img_undistort) by extensions ['cmake', 'python']
[1.947s] Level 1:colcon.colcon_core.package_identification:_identify(img_undistort) by extension 'cmake'
[1.947s] Level 1:colcon.colcon_core.package_identification:_identify(img_undistort) by extension 'python'
[1.947s] Level 1:colcon.colcon_core.package_identification:_identify(img_undistort) by extensions ['python_setup_py']
[1.947s] Level 1:colcon.colcon_core.package_identification:_identify(img_undistort) by extension 'python_setup_py'
[1.947s] Level 1:colcon.colcon_core.package_identification:_identify(install) by extensions ['ignore', 'ignore_ament_install']
[1.947s] Level 1:colcon.colcon_core.package_identification:_identify(install) by extension 'ignore'
[1.947s] Level 1:colcon.colcon_core.package_identification:_identify(install) ignored
[1.947s] Level 1:colcon.colcon_core.package_identification:_identify(launch) by extensions ['ignore', 'ignore_ament_install']
[1.947s] Level 1:colcon.colcon_core.package_identification:_identify(launch) by extension 'ignore'
[1.947s] Level 1:colcon.colcon_core.package_identification:_identify(launch) by extension 'ignore_ament_install'
[1.947s] Level 1:colcon.colcon_core.package_identification:_identify(launch) by extensions ['colcon_pkg']
[1.948s] Level 1:colcon.colcon_core.package_identification:_identify(launch) by extension 'colcon_pkg'
[1.948s] Level 1:colcon.colcon_core.package_identification:_identify(launch) by extensions ['colcon_meta']
[1.948s] Level 1:colcon.colcon_core.package_identification:_identify(launch) by extension 'colcon_meta'
[1.948s] Level 1:colcon.colcon_core.package_identification:_identify(launch) by extensions ['ros']
[1.948s] Level 1:colcon.colcon_core.package_identification:_identify(launch) by extension 'ros'
[1.948s] Level 1:colcon.colcon_core.package_identification:_identify(launch) by extensions ['cmake', 'python']
[1.948s] Level 1:colcon.colcon_core.package_identification:_identify(launch) by extension 'cmake'
[1.948s] Level 1:colcon.colcon_core.package_identification:_identify(launch) by extension 'python'
[1.948s] Level 1:colcon.colcon_core.package_identification:_identify(launch) by extensions ['python_setup_py']
[1.948s] Level 1:colcon.colcon_core.package_identification:_identify(launch) by extension 'python_setup_py'
[1.948s] Level 1:colcon.colcon_core.package_identification:_identify(launch/__pycache__) by extensions ['ignore', 'ignore_ament_install']
[1.948s] Level 1:colcon.colcon_core.package_identification:_identify(launch/__pycache__) by extension 'ignore'
[1.949s] Level 1:colcon.colcon_core.package_identification:_identify(launch/__pycache__) by extension 'ignore_ament_install'
[1.949s] Level 1:colcon.colcon_core.package_identification:_identify(launch/__pycache__) by extensions ['colcon_pkg']
[1.949s] Level 1:colcon.colcon_core.package_identification:_identify(launch/__pycache__) by extension 'colcon_pkg'
[1.949s] Level 1:colcon.colcon_core.package_identification:_identify(launch/__pycache__) by extensions ['colcon_meta']
[1.949s] Level 1:colcon.colcon_core.package_identification:_identify(launch/__pycache__) by extension 'colcon_meta'
[1.949s] Level 1:colcon.colcon_core.package_identification:_identify(launch/__pycache__) by extensions ['ros']
[1.949s] Level 1:colcon.colcon_core.package_identification:_identify(launch/__pycache__) by extension 'ros'
[1.949s] Level 1:colcon.colcon_core.package_identification:_identify(launch/__pycache__) by extensions ['cmake', 'python']
[1.949s] Level 1:colcon.colcon_core.package_identification:_identify(launch/__pycache__) by extension 'cmake'
[1.949s] Level 1:colcon.colcon_core.package_identification:_identify(launch/__pycache__) by extension 'python'
[1.949s] Level 1:colcon.colcon_core.package_identification:_identify(launch/__pycache__) by extensions ['python_setup_py']
[1.949s] Level 1:colcon.colcon_core.package_identification:_identify(launch/__pycache__) by extension 'python_setup_py'
[1.950s] Level 1:colcon.colcon_core.package_identification:_identify(log) by extensions ['ignore', 'ignore_ament_install']
[1.950s] Level 1:colcon.colcon_core.package_identification:_identify(log) by extension 'ignore'
[1.950s] Level 1:colcon.colcon_core.package_identification:_identify(log) ignored
[1.950s] Level 1:colcon.colcon_core.package_identification:_identify(src) by extensions ['ignore', 'ignore_ament_install']
[1.951s] Level 1:colcon.colcon_core.package_identification:_identify(src) by extension 'ignore'
[1.951s] Level 1:colcon.colcon_core.package_identification:_identify(src) by extension 'ignore_ament_install'
[1.951s] Level 1:colcon.colcon_core.package_identification:_identify(src) by extensions ['colcon_pkg']
[1.951s] Level 1:colcon.colcon_core.package_identification:_identify(src) by extension 'colcon_pkg'
[1.951s] Level 1:colcon.colcon_core.package_identification:_identify(src) by extensions ['colcon_meta']
[1.951s] Level 1:colcon.colcon_core.package_identification:_identify(src) by extension 'colcon_meta'
[1.951s] Level 1:colcon.colcon_core.package_identification:_identify(src) by extensions ['ros']
[1.951s] Level 1:colcon.colcon_core.package_identification:_identify(src) by extension 'ros'
[1.951s] Level 1:colcon.colcon_core.package_identification:_identify(src) by extensions ['cmake', 'python']
[1.951s] Level 1:colcon.colcon_core.package_identification:_identify(src) by extension 'cmake'
[1.951s] Level 1:colcon.colcon_core.package_identification:_identify(src) by extension 'python'
[1.951s] Level 1:colcon.colcon_core.package_identification:_identify(src) by extensions ['python_setup_py']
[1.951s] Level 1:colcon.colcon_core.package_identification:_identify(src) by extension 'python_setup_py'
[1.952s] Level 1:colcon.colcon_core.package_identification:_identify(src/experiment_python) by extensions ['ignore', 'ignore_ament_install']
[1.952s] Level 1:colcon.colcon_core.package_identification:_identify(src/experiment_python) by extension 'ignore'
[1.952s] Level 1:colcon.colcon_core.package_identification:_identify(src/experiment_python) by extension 'ignore_ament_install'
[1.952s] Level 1:colcon.colcon_core.package_identification:_identify(src/experiment_python) by extensions ['colcon_pkg']
[1.952s] Level 1:colcon.colcon_core.package_identification:_identify(src/experiment_python) by extension 'colcon_pkg'
[1.952s] Level 1:colcon.colcon_core.package_identification:_identify(src/experiment_python) by extensions ['colcon_meta']
[1.952s] Level 1:colcon.colcon_core.package_identification:_identify(src/experiment_python) by extension 'colcon_meta'
[1.952s] Level 1:colcon.colcon_core.package_identification:_identify(src/experiment_python) by extensions ['ros']
[1.952s] Level 1:colcon.colcon_core.package_identification:_identify(src/experiment_python) by extension 'ros'
[1.957s] DEBUG:colcon.colcon_core.package_identification:Package 'src/experiment_python' with type 'ros.ament_python' and name 'experiment_python'
[1.957s] Level 1:colcon.colcon_core.package_discovery:discover_packages(recursive) using defaults
[1.957s] Level 1:colcon.colcon_core.package_discovery:discover_packages(ignore) discover
[1.957s] Level 1:colcon.colcon_core.package_discovery:discover_packages(ignore) using defaults
[1.957s] Level 1:colcon.colcon_core.package_discovery:discover_packages(path) discover
[1.957s] Level 1:colcon.colcon_core.package_discovery:discover_packages(path) using defaults
[2.108s] Level 1:colcon.colcon_core.package_discovery:discover_packages(prefix_path) check parameters
[2.108s] Level 1:colcon.colcon_core.package_discovery:discover_packages(prefix_path) discover
[2.209s] DEBUG:colcon.colcon_installed_package_information.package_discovery:Found 271 installed packages in /opt/ros/humble
[2.211s] Level 1:colcon.colcon_core.package_discovery:discover_packages(prefix_path) using defaults
[2.405s] Level 5:colcon.colcon_core.verb:set package 'experiment_python' build argument 'cmake_args' from command line to 'None'
[2.406s] Level 5:colcon.colcon_core.verb:set package 'experiment_python' build argument 'cmake_target' from command line to 'None'
[2.406s] Level 5:colcon.colcon_core.verb:set package 'experiment_python' build argument 'cmake_target_skip_unavailable' from command line to 'False'
[2.406s] Level 5:colcon.colcon_core.verb:set package 'experiment_python' build argument 'cmake_clean_cache' from command line to 'False'
[2.406s] Level 5:colcon.colcon_core.verb:set package 'experiment_python' build argument 'cmake_clean_first' from command line to 'False'
[2.406s] Level 5:colcon.colcon_core.verb:set package 'experiment_python' build argument 'cmake_force_configure' from command line to 'False'
[2.406s] Level 5:colcon.colcon_core.verb:set package 'experiment_python' build argument 'ament_cmake_args' from command line to 'None'
[2.406s] Level 5:colcon.colcon_core.verb:set package 'experiment_python' build argument 'catkin_cmake_args' from command line to 'None'
[2.406s] Level 5:colcon.colcon_core.verb:set package 'experiment_python' build argument 'catkin_skip_building_tests' from command line to 'False'
[2.406s] DEBUG:colcon.colcon_core.verb:Building package 'experiment_python' with the following arguments: {'ament_cmake_args': None, 'build_base': '/home/kaibuchisoma/test_ws/build/experiment_python', 'catkin_cmake_args': None, 'catkin_skip_building_tests': False, 'cmake_args': None, 'cmake_clean_cache': False, 'cmake_clean_first': False, 'cmake_force_configure': False, 'cmake_target': None, 'cmake_target_skip_unavailable': False, 'install_base': '/home/kaibuchisoma/test_ws/install/experiment_python', 'merge_install': False, 'path': '/home/kaibuchisoma/test_ws/src/experiment_python', 'symlink_install': False, 'test_result_base': None}
[2.447s] INFO:colcon.colcon_core.executor:Executing jobs using 'parallel' executor
[2.503s] DEBUG:colcon.colcon_parallel_executor.executor.parallel:run_until_complete
[2.507s] INFO:colcon.colcon_ros.task.ament_python.build:Building ROS package in '/home/kaibuchisoma/test_ws/src/experiment_python' with build type 'ament_python'
[2.508s] Level 1:colcon.colcon_core.shell:create_environment_hook('experiment_python', 'ament_prefix_path')
[2.564s] INFO:colcon.colcon_core.plugin_system:Skipping extension 'colcon_core.shell.bat': Not used on non-Windows systems
[2.565s] INFO:colcon.colcon_core.shell:Creating environment hook '/home/kaibuchisoma/test_ws/install/experiment_python/share/experiment_python/hook/ament_prefix_path.ps1'
[2.570s] INFO:colcon.colcon_core.shell:Creating environment descriptor '/home/kaibuchisoma/test_ws/install/experiment_python/share/experiment_python/hook/ament_prefix_path.dsv'
[2.571s] INFO:colcon.colcon_core.shell:Creating environment hook '/home/kaibuchisoma/test_ws/install/experiment_python/share/experiment_python/hook/ament_prefix_path.sh'
[2.614s] INFO:colcon.colcon_core.shell:Skip shell extension 'powershell' for command environment: Not usable outside of PowerShell
[2.614s] DEBUG:colcon.colcon_core.shell:Skip shell extension 'dsv' for command environment
[3.434s] INFO:colcon.colcon_core.task.python.build:Building Python package in '/home/kaibuchisoma/test_ws/src/experiment_python'
[3.468s] INFO:colcon.colcon_core.shell:Skip shell extension 'powershell' for command environment: Not usable outside of PowerShell
[3.469s] DEBUG:colcon.colcon_core.shell:Skip shell extension 'dsv' for command environment
[4.129s] DEBUG:colcon.colcon_core.event_handler.log_command:Invoking command in '/home/kaibuchisoma/test_ws/src/experiment_python': PYTHONPATH=/home/kaibuchisoma/test_ws/build/experiment_python/prefix_override:/home/kaibuchisoma/test_ws/install/experiment_python/lib/python3.10/site-packages:${PYTHONPATH} /usr/bin/python3 setup.py egg_info --egg-base ../../build/experiment_python build --build-base /home/kaibuchisoma/test_ws/build/experiment_python/build install --record /home/kaibuchisoma/test_ws/build/experiment_python/install.log --single-version-externally-managed
[4.623s] DEBUG:colcon.colcon_core.event_handler.log_command:Invoked command in '/home/kaibuchisoma/test_ws/src/experiment_python' returned '0': PYTHONPATH=/home/kaibuchisoma/test_ws/build/experiment_python/prefix_override:/home/kaibuchisoma/test_ws/install/experiment_python/lib/python3.10/site-packages:${PYTHONPATH} /usr/bin/python3 setup.py egg_info --egg-base ../../build/experiment_python build --build-base /home/kaibuchisoma/test_ws/build/experiment_python/build install --record /home/kaibuchisoma/test_ws/build/experiment_python/install.log --single-version-externally-managed
[4.651s] Level 1:colcon.colcon_core.environment:checking '/home/kaibuchisoma/test_ws/install/experiment_python' for CMake module files
[4.652s] Level 1:colcon.colcon_core.environment:checking '/home/kaibuchisoma/test_ws/install/experiment_python' for CMake config files
[4.653s] Level 1:colcon.colcon_core.environment:checking '/home/kaibuchisoma/test_ws/install/experiment_python/lib'
[4.653s] Level 1:colcon.colcon_core.environment:checking '/home/kaibuchisoma/test_ws/install/experiment_python/bin'
[4.653s] Level 1:colcon.colcon_core.environment:checking '/home/kaibuchisoma/test_ws/install/experiment_python/lib/pkgconfig/experiment_python.pc'
[4.654s] Level 1:colcon.colcon_core.environment:checking '/home/kaibuchisoma/test_ws/install/experiment_python/lib/python3.10/site-packages'
[4.654s] Level 1:colcon.colcon_core.shell:create_environment_hook('experiment_python', 'pythonpath')
[4.677s] INFO:colcon.colcon_core.shell:Creating environment hook '/home/kaibuchisoma/test_ws/install/experiment_python/share/experiment_python/hook/pythonpath.ps1'
[4.678s] INFO:colcon.colcon_core.shell:Creating environment descriptor '/home/kaibuchisoma/test_ws/install/experiment_python/share/experiment_python/hook/pythonpath.dsv'
[4.679s] INFO:colcon.colcon_core.shell:Creating environment hook '/home/kaibuchisoma/test_ws/install/experiment_python/share/experiment_python/hook/pythonpath.sh'
[4.680s] Level 1:colcon.colcon_core.environment:checking '/home/kaibuchisoma/test_ws/install/experiment_python/bin'
[4.680s] Level 1:colcon.colcon_core.environment:create_environment_scripts_only(experiment_python)
[4.703s] INFO:colcon.colcon_core.shell:Creating package script '/home/kaibuchisoma/test_ws/install/experiment_python/share/experiment_python/package.ps1'
[4.704s] INFO:colcon.colcon_core.shell:Creating package descriptor '/home/kaibuchisoma/test_ws/install/experiment_python/share/experiment_python/package.dsv'
[4.705s] INFO:colcon.colcon_core.shell:Creating package script '/home/kaibuchisoma/test_ws/install/experiment_python/share/experiment_python/package.sh'
[4.706s] INFO:colcon.colcon_core.shell:Creating package script '/home/kaibuchisoma/test_ws/install/experiment_python/share/experiment_python/package.bash'
[4.707s] INFO:colcon.colcon_core.shell:Creating package script '/home/kaibuchisoma/test_ws/install/experiment_python/share/experiment_python/package.zsh'
[4.708s] Level 1:colcon.colcon_core.environment:create_file_with_runtime_dependencies(/home/kaibuchisoma/test_ws/install/experiment_python/share/colcon-core/packages/experiment_python)
[4.708s] DEBUG:colcon.colcon_parallel_executor.executor.parallel:closing loop
[4.709s] DEBUG:colcon.colcon_parallel_executor.executor.parallel:loop closed
[4.709s] DEBUG:colcon.colcon_parallel_executor.executor.parallel:run_until_complete finished with '0'
[4.709s] DEBUG:colcon.colcon_core.event_reactor:joining thread
[4.750s] INFO:colcon.colcon_core.plugin_system:Skipping extension 'colcon_notification.desktop_notification.terminal_notifier': Not used on non-Darwin systems
[4.750s] INFO:colcon.colcon_core.plugin_system:Skipping extension 'colcon_notification.desktop_notification.win32': Not used on non-Windows systems
[4.750s] INFO:colcon.colcon_notification.desktop_notification:Sending desktop notification using 'notify2'
[4.818s] DEBUG:colcon.colcon_core.event_reactor:joined thread
[4.837s] INFO:colcon.colcon_core.shell:Creating prefix script '/home/kaibuchisoma/test_ws/install/local_setup.ps1'
[4.838s] INFO:colcon.colcon_core.shell:Creating prefix util module '/home/kaibuchisoma/test_ws/install/_local_setup_util_ps1.py'
[4.840s] INFO:colcon.colcon_core.shell:Creating prefix chain script '/home/kaibuchisoma/test_ws/install/setup.ps1'
[4.868s] INFO:colcon.colcon_core.shell:Creating prefix script '/home/kaibuchisoma/test_ws/install/local_setup.sh'
[4.870s] INFO:colcon.colcon_core.shell:Creating prefix util module '/home/kaibuchisoma/test_ws/install/_local_setup_util_sh.py'
[4.871s] INFO:colcon.colcon_core.shell:Creating prefix chain script '/home/kaibuchisoma/test_ws/install/setup.sh'
[4.906s] INFO:colcon.colcon_core.shell:Creating prefix script '/home/kaibuchisoma/test_ws/install/local_setup.bash'
[4.907s] INFO:colcon.colcon_core.shell:Creating prefix chain script '/home/kaibuchisoma/test_ws/install/setup.bash'
[4.946s] INFO:colcon.colcon_core.shell:Creating prefix script '/home/kaibuchisoma/test_ws/install/local_setup.zsh'
[4.947s] INFO:colcon.colcon_core.shell:Creating prefix chain script '/home/kaibuchisoma/test_ws/install/setup.zsh'
