[0.741s] Invoking command in '/home/kaibuchisoma/test_ws/src/experiment_python': PYTHONPATH=/home/kaibuchisoma/test_ws/build/experiment_python/prefix_override:/home/kaibuchisoma/test_ws/install/experiment_python/lib/python3.10/site-packages:${PYTHONPATH} /usr/bin/python3 setup.py egg_info --egg-base ../../build/experiment_python build --build-base /home/kaibuchisoma/test_ws/build/experiment_python/build install --record /home/kaibuchisoma/test_ws/build/experiment_python/install.log --single-version-externally-managed
[0.979s] running egg_info
[0.979s] writing ../../build/experiment_python/experiment_python.egg-info/PKG-INFO
[0.979s] writing dependency_links to ../../build/experiment_python/experiment_python.egg-info/dependency_links.txt
[0.980s] writing entry points to ../../build/experiment_python/experiment_python.egg-info/entry_points.txt
[0.980s] writing requirements to ../../build/experiment_python/experiment_python.egg-info/requires.txt
[0.980s] writing top-level names to ../../build/experiment_python/experiment_python.egg-info/top_level.txt
[0.982s] reading manifest file '../../build/experiment_python/experiment_python.egg-info/SOURCES.txt'
[0.987s] writing manifest file '../../build/experiment_python/experiment_python.egg-info/SOURCES.txt'
[0.987s] running build
[0.987s] running build_py
[0.987s] copying experiment_python/Drive_Controller.py -> /home/kaibuchisoma/test_ws/build/experiment_python/build/lib/experiment_python
[0.988s] running install
[0.988s] /usr/lib/python3/dist-packages/setuptools/command/install.py:34: SetuptoolsDeprecationWarning: setup.py install is deprecated. Use build and pip and other standards-based tools.
[0.988s]   warnings.warn(
[0.988s] running install_lib
[0.989s] copying /home/kaibuchisoma/test_ws/build/experiment_python/build/lib/experiment_python/Drive_Controller.py -> /home/kaibuchisoma/test_ws/install/experiment_python/lib/python3.10/site-packages/experiment_python
[0.990s] byte-compiling /home/kaibuchisoma/test_ws/install/experiment_python/lib/python3.10/site-packages/experiment_python/Drive_Controller.py to Drive_Controller.cpython-310.pyc
[0.990s] running install_data
[0.991s] running install_egg_info
[0.992s] removing '/home/kaibuchisoma/test_ws/install/experiment_python/lib/python3.10/site-packages/experiment_python-0.0.0-py3.10.egg-info' (and everything under it)
[0.992s] Copying ../../build/experiment_python/experiment_python.egg-info to /home/kaibuchisoma/test_ws/install/experiment_python/lib/python3.10/site-packages/experiment_python-0.0.0-py3.10.egg-info
[0.993s] running install_scripts
[1.009s] Installing Collect_Controller script to /home/kaibuchisoma/test_ws/install/experiment_python/lib/experiment_python
[1.010s] Installing Drive_Controller script to /home/kaibuchisoma/test_ws/install/experiment_python/lib/experiment_python
[1.010s] Installing communicateWiFi_ESP32 script to /home/kaibuchisoma/test_ws/install/experiment_python/lib/experiment_python
[1.010s] Installing webserver script to /home/kaibuchisoma/test_ws/install/experiment_python/lib/experiment_python
[1.010s] writing list of installed files to '/home/kaibuchisoma/test_ws/build/experiment_python/install.log'
[1.029s] Invoked command in '/home/kaibuchisoma/test_ws/src/experiment_python' returned '0': PYTHONPATH=/home/kaibuchisoma/test_ws/build/experiment_python/prefix_override:/home/kaibuchisoma/test_ws/install/experiment_python/lib/python3.10/site-packages:${PYTHONPATH} /usr/bin/python3 setup.py egg_info --egg-base ../../build/experiment_python build --build-base /home/kaibuchisoma/test_ws/build/experiment_python/build install --record /home/kaibuchisoma/test_ws/build/experiment_python/install.log --single-version-externally-managed
