[0.635s] Invoking command in '/home/kaibuchisoma/test_ws/src/experiment_python': PYTHONPATH=/home/kaibuchisoma/test_ws/build/experiment_python/prefix_override:/home/kaibuchisoma/test_ws/install/experiment_python/lib/python3.10/site-packages:${PYTHONPATH} /usr/bin/python3 setup.py egg_info --egg-base ../../build/experiment_python build --build-base /home/kaibuchisoma/test_ws/build/experiment_python/build install --record /home/kaibuchisoma/test_ws/build/experiment_python/install.log --single-version-externally-managed
[0.845s] running egg_info
[0.845s] writing ../../build/experiment_python/experiment_python.egg-info/PKG-INFO
[0.845s] writing dependency_links to ../../build/experiment_python/experiment_python.egg-info/dependency_links.txt
[0.846s] writing entry points to ../../build/experiment_python/experiment_python.egg-info/entry_points.txt
[0.846s] writing requirements to ../../build/experiment_python/experiment_python.egg-info/requires.txt
[0.846s] writing top-level names to ../../build/experiment_python/experiment_python.egg-info/top_level.txt
[0.847s] reading manifest file '../../build/experiment_python/experiment_python.egg-info/SOURCES.txt'
[0.848s] writing manifest file '../../build/experiment_python/experiment_python.egg-info/SOURCES.txt'
[0.848s] running build
[0.848s] running build_py
[0.848s] running install
[0.849s] /usr/lib/python3/dist-packages/setuptools/command/install.py:34: SetuptoolsDeprecationWarning: setup.py install is deprecated. Use build and pip and other standards-based tools.
[0.849s]   warnings.warn(
[0.849s] running install_lib
[0.850s] running install_data
[0.850s] running install_egg_info
[0.852s] removing '/home/kaibuchisoma/test_ws/install/experiment_python/lib/python3.10/site-packages/experiment_python-0.0.0-py3.10.egg-info' (and everything under it)
[0.852s] Copying ../../build/experiment_python/experiment_python.egg-info to /home/kaibuchisoma/test_ws/install/experiment_python/lib/python3.10/site-packages/experiment_python-0.0.0-py3.10.egg-info
[0.853s] running install_scripts
[0.868s] Installing Collect_Controller script to /home/kaibuchisoma/test_ws/install/experiment_python/lib/experiment_python
[0.868s] Installing Drive_Controller script to /home/kaibuchisoma/test_ws/install/experiment_python/lib/experiment_python
[0.869s] Installing communicateWebSockets_ESP32 script to /home/kaibuchisoma/test_ws/install/experiment_python/lib/experiment_python
[0.869s] Installing communicateWiFiUDP_ESP32 script to /home/kaibuchisoma/test_ws/install/experiment_python/lib/experiment_python
[0.869s] Installing communicateWiFi_ESP32 script to /home/kaibuchisoma/test_ws/install/experiment_python/lib/experiment_python
[0.869s] Installing webserver script to /home/kaibuchisoma/test_ws/install/experiment_python/lib/experiment_python
[0.869s] writing list of installed files to '/home/kaibuchisoma/test_ws/build/experiment_python/install.log'
[0.889s] Invoked command in '/home/kaibuchisoma/test_ws/src/experiment_python' returned '0': PYTHONPATH=/home/kaibuchisoma/test_ws/build/experiment_python/prefix_override:/home/kaibuchisoma/test_ws/install/experiment_python/lib/python3.10/site-packages:${PYTHONPATH} /usr/bin/python3 setup.py egg_info --egg-base ../../build/experiment_python build --build-base /home/kaibuchisoma/test_ws/build/experiment_python/build install --record /home/kaibuchisoma/test_ws/build/experiment_python/install.log --single-version-externally-managed
