[0.955s] Invoking command in '/home/kaibuchisoma/test_ws/src/experiment_python': PYTHONPATH=/home/kaibuchisoma/test_ws/build/experiment_python/prefix_override:/home/kaibuchisoma/test_ws/install/experiment_python/lib/python3.10/site-packages:${PYTHONPATH} /usr/bin/python3 setup.py egg_info --egg-base ../../build/experiment_python build --build-base /home/kaibuchisoma/test_ws/build/experiment_python/build install --record /home/kaibuchisoma/test_ws/build/experiment_python/install.log --single-version-externally-managed
[1.192s] running egg_info
[1.193s] writing ../../build/experiment_python/experiment_python.egg-info/PKG-INFO
[1.193s] writing dependency_links to ../../build/experiment_python/experiment_python.egg-info/dependency_links.txt
[1.193s] writing entry points to ../../build/experiment_python/experiment_python.egg-info/entry_points.txt
[1.193s] writing requirements to ../../build/experiment_python/experiment_python.egg-info/requires.txt
[1.193s] writing top-level names to ../../build/experiment_python/experiment_python.egg-info/top_level.txt
[1.195s] reading manifest file '../../build/experiment_python/experiment_python.egg-info/SOURCES.txt'
[1.201s] writing manifest file '../../build/experiment_python/experiment_python.egg-info/SOURCES.txt'
[1.201s] running build
[1.201s] running build_py
[1.201s] running install
[1.201s] /usr/lib/python3/dist-packages/setuptools/command/install.py:34: SetuptoolsDeprecationWarning: setup.py install is deprecated. Use build and pip and other standards-based tools.
[1.201s]   warnings.warn(
[1.202s] running install_lib
[1.203s] running install_data
[1.204s] running install_egg_info
[1.205s] removing '/home/kaibuchisoma/test_ws/install/experiment_python/lib/python3.10/site-packages/experiment_python-0.0.0-py3.10.egg-info' (and everything under it)
[1.206s] Copying ../../build/experiment_python/experiment_python.egg-info to /home/kaibuchisoma/test_ws/install/experiment_python/lib/python3.10/site-packages/experiment_python-0.0.0-py3.10.egg-info
[1.207s] running install_scripts
[1.223s] Installing joystick script to /home/kaibuchisoma/test_ws/install/experiment_python/lib/experiment_python
[1.223s] Installing talker script to /home/kaibuchisoma/test_ws/install/experiment_python/lib/experiment_python
[1.223s] writing list of installed files to '/home/kaibuchisoma/test_ws/build/experiment_python/install.log'
[1.246s] Invoked command in '/home/kaibuchisoma/test_ws/src/experiment_python' returned '0': PYTHONPATH=/home/kaibuchisoma/test_ws/build/experiment_python/prefix_override:/home/kaibuchisoma/test_ws/install/experiment_python/lib/python3.10/site-packages:${PYTHONPATH} /usr/bin/python3 setup.py egg_info --egg-base ../../build/experiment_python build --build-base /home/kaibuchisoma/test_ws/build/experiment_python/build install --record /home/kaibuchisoma/test_ws/build/experiment_python/install.log --single-version-externally-managed
