[0.793s] Invoking command in '/home/kaibuchisoma/test_ws/src/experiment_python': PYTHONPATH=/home/kaibuchisoma/test_ws/build/experiment_python/prefix_override:/home/kaibuchisoma/test_ws/install/experiment_python/lib/python3.10/site-packages:${PYTHONPATH} /usr/bin/python3 setup.py egg_info --egg-base ../../build/experiment_python build --build-base /home/kaibuchisoma/test_ws/build/experiment_python/build install --record /home/kaibuchisoma/test_ws/build/experiment_python/install.log --single-version-externally-managed
[1.040s] running egg_info
[1.040s] writing ../../build/experiment_python/experiment_python.egg-info/PKG-INFO
[1.040s] writing dependency_links to ../../build/experiment_python/experiment_python.egg-info/dependency_links.txt
[1.040s] writing entry points to ../../build/experiment_python/experiment_python.egg-info/entry_points.txt
[1.040s] writing requirements to ../../build/experiment_python/experiment_python.egg-info/requires.txt
[1.041s] writing top-level names to ../../build/experiment_python/experiment_python.egg-info/top_level.txt
[1.048s] reading manifest file '../../build/experiment_python/experiment_python.egg-info/SOURCES.txt'
[1.049s] writing manifest file '../../build/experiment_python/experiment_python.egg-info/SOURCES.txt'
[1.049s] running build
[1.049s] running build_py
[1.049s] copying experiment_python/Collect_Controller.py -> /home/kaibuchisoma/test_ws/build/experiment_python/build/lib/experiment_python
[1.050s] running install
[1.050s] /usr/lib/python3/dist-packages/setuptools/command/install.py:34: SetuptoolsDeprecationWarning: setup.py install is deprecated. Use build and pip and other standards-based tools.
[1.050s]   warnings.warn(
[1.050s] running install_lib
[1.051s] copying /home/kaibuchisoma/test_ws/build/experiment_python/build/lib/experiment_python/Collect_Controller.py -> /home/kaibuchisoma/test_ws/install/experiment_python/lib/python3.10/site-packages/experiment_python
[1.052s] byte-compiling /home/kaibuchisoma/test_ws/install/experiment_python/lib/python3.10/site-packages/experiment_python/Collect_Controller.py to Collect_Controller.cpython-310.pyc
[1.052s] running install_data
[1.053s] running install_egg_info
[1.054s] removing '/home/kaibuchisoma/test_ws/install/experiment_python/lib/python3.10/site-packages/experiment_python-0.0.0-py3.10.egg-info' (and everything under it)
[1.054s] Copying ../../build/experiment_python/experiment_python.egg-info to /home/kaibuchisoma/test_ws/install/experiment_python/lib/python3.10/site-packages/experiment_python-0.0.0-py3.10.egg-info
[1.055s] running install_scripts
[1.072s] Installing Collect_Controller script to /home/kaibuchisoma/test_ws/install/experiment_python/lib/experiment_python
[1.072s] Installing Drive_Controller script to /home/kaibuchisoma/test_ws/install/experiment_python/lib/experiment_python
[1.072s] Installing communicateWiFi_ESP32 script to /home/kaibuchisoma/test_ws/install/experiment_python/lib/experiment_python
[1.072s] Installing webserver script to /home/kaibuchisoma/test_ws/install/experiment_python/lib/experiment_python
[1.072s] writing list of installed files to '/home/kaibuchisoma/test_ws/build/experiment_python/install.log'
[1.090s] Invoked command in '/home/kaibuchisoma/test_ws/src/experiment_python' returned '0': PYTHONPATH=/home/kaibuchisoma/test_ws/build/experiment_python/prefix_override:/home/kaibuchisoma/test_ws/install/experiment_python/lib/python3.10/site-packages:${PYTHONPATH} /usr/bin/python3 setup.py egg_info --egg-base ../../build/experiment_python build --build-base /home/kaibuchisoma/test_ws/build/experiment_python/build install --record /home/kaibuchisoma/test_ws/build/experiment_python/install.log --single-version-externally-managed
