[0.644s] Invoking command in '/home/kaibuchisoma/test_ws/src/experiment_python': PYTHONPATH=/home/kaibuchisoma/test_ws/build/experiment_python/prefix_override:/home/kaibuchisoma/test_ws/install/experiment_python/lib/python3.10/site-packages:${PYTHONPATH} /usr/bin/python3 setup.py egg_info --egg-base ../../build/experiment_python build --build-base /home/kaibuchisoma/test_ws/build/experiment_python/build install --record /home/kaibuchisoma/test_ws/build/experiment_python/install.log --single-version-externally-managed
[0.849s] running egg_info
[0.850s] writing ../../build/experiment_python/experiment_python.egg-info/PKG-INFO
[0.850s] writing dependency_links to ../../build/experiment_python/experiment_python.egg-info/dependency_links.txt
[0.850s] writing entry points to ../../build/experiment_python/experiment_python.egg-info/entry_points.txt
[0.850s] writing requirements to ../../build/experiment_python/experiment_python.egg-info/requires.txt
[0.850s] writing top-level names to ../../build/experiment_python/experiment_python.egg-info/top_level.txt
[0.852s] reading manifest file '../../build/experiment_python/experiment_python.egg-info/SOURCES.txt'
[0.852s] writing manifest file '../../build/experiment_python/experiment_python.egg-info/SOURCES.txt'
[0.852s] running build
[0.852s] running build_py
[0.853s] copying experiment_python/webserver.py -> /home/kaibuchisoma/test_ws/build/experiment_python/build/lib/experiment_python
[0.853s] running install
[0.853s] /usr/lib/python3/dist-packages/setuptools/command/install.py:34: SetuptoolsDeprecationWarning: setup.py install is deprecated. Use build and pip and other standards-based tools.
[0.853s]   warnings.warn(
[0.853s] running install_lib
[0.854s] copying /home/kaibuchisoma/test_ws/build/experiment_python/build/lib/experiment_python/webserver.py -> /home/kaibuchisoma/test_ws/install/experiment_python/lib/python3.10/site-packages/experiment_python
[0.854s] byte-compiling /home/kaibuchisoma/test_ws/install/experiment_python/lib/python3.10/site-packages/experiment_python/webserver.py to webserver.cpython-310.pyc
[0.855s] running install_data
[0.855s] running install_egg_info
[0.857s] removing '/home/kaibuchisoma/test_ws/install/experiment_python/lib/python3.10/site-packages/experiment_python-0.0.0-py3.10.egg-info' (and everything under it)
[0.857s] Copying ../../build/experiment_python/experiment_python.egg-info to /home/kaibuchisoma/test_ws/install/experiment_python/lib/python3.10/site-packages/experiment_python-0.0.0-py3.10.egg-info
[0.858s] running install_scripts
[0.872s] Installing communicateWiFi_ESP32 script to /home/kaibuchisoma/test_ws/install/experiment_python/lib/experiment_python
[0.872s] Installing communicate_ESP32 script to /home/kaibuchisoma/test_ws/install/experiment_python/lib/experiment_python
[0.873s] Installing joystick script to /home/kaibuchisoma/test_ws/install/experiment_python/lib/experiment_python
[0.873s] Installing webserver script to /home/kaibuchisoma/test_ws/install/experiment_python/lib/experiment_python
[0.873s] writing list of installed files to '/home/kaibuchisoma/test_ws/build/experiment_python/install.log'
[0.889s] Invoked command in '/home/kaibuchisoma/test_ws/src/experiment_python' returned '0': PYTHONPATH=/home/kaibuchisoma/test_ws/build/experiment_python/prefix_override:/home/kaibuchisoma/test_ws/install/experiment_python/lib/python3.10/site-packages:${PYTHONPATH} /usr/bin/python3 setup.py egg_info --egg-base ../../build/experiment_python build --build-base /home/kaibuchisoma/test_ws/build/experiment_python/build install --record /home/kaibuchisoma/test_ws/build/experiment_python/install.log --single-version-externally-managed
