/home/kaibuchisoma/test_ws/install/experiment_python/lib/python3.10/site-packages/experiment_python/communicateWiFiUDP_ESP32.py
/home/kaibuchisoma/test_ws/install/experiment_python/lib/python3.10/site-packages/experiment_python/__init__.py
/home/kaibuchisoma/test_ws/install/experiment_python/lib/python3.10/site-packages/experiment_python/communicateWiFiUDP_ESP32 copy.py
/home/kaibuchisoma/test_ws/install/experiment_python/lib/python3.10/site-packages/experiment_python/Collect_Controller.py
/home/kaibuchisoma/test_ws/install/experiment_python/lib/python3.10/site-packages/experiment_python/Drive_Controller.py
/home/kaibuchisoma/test_ws/install/experiment_python/lib/python3.10/site-packages/experiment_python/communicate_ESP32.py
/home/kaibuchisoma/test_ws/install/experiment_python/lib/python3.10/site-packages/experiment_python/serial_flask copy.py
/home/kaibuchisoma/test_ws/install/experiment_python/lib/python3.10/site-packages/experiment_python/webserver.py
/home/kaibuchisoma/test_ws/install/experiment_python/lib/python3.10/site-packages/experiment_python/__pycache__/communicateWiFiUDP_ESP32.cpython-310.pyc
/home/kaibuchisoma/test_ws/install/experiment_python/lib/python3.10/site-packages/experiment_python/__pycache__/__init__.cpython-310.pyc
/home/kaibuchisoma/test_ws/install/experiment_python/lib/python3.10/site-packages/experiment_python/__pycache__/communicateWiFiUDP_ESP32 copy.cpython-310.pyc
/home/kaibuchisoma/test_ws/install/experiment_python/lib/python3.10/site-packages/experiment_python/__pycache__/Collect_Controller.cpython-310.pyc
/home/kaibuchisoma/test_ws/install/experiment_python/lib/python3.10/site-packages/experiment_python/__pycache__/Drive_Controller.cpython-310.pyc
/home/kaibuchisoma/test_ws/install/experiment_python/lib/python3.10/site-packages/experiment_python/__pycache__/communicate_ESP32.cpython-310.pyc
/home/kaibuchisoma/test_ws/install/experiment_python/lib/python3.10/site-packages/experiment_python/__pycache__/serial_flask copy.cpython-310.pyc
/home/kaibuchisoma/test_ws/install/experiment_python/lib/python3.10/site-packages/experiment_python/__pycache__/webserver.cpython-310.pyc
/home/kaibuchisoma/test_ws/install/experiment_python/share/ament_index/resource_index/packages/experiment_python
/home/kaibuchisoma/test_ws/install/experiment_python/share/experiment_python/package.xml
/home/kaibuchisoma/test_ws/install/experiment_python/lib/python3.10/site-packages/experiment_python-0.0.0-py3.10.egg-info/PKG-INFO
/home/kaibuchisoma/test_ws/install/experiment_python/lib/python3.10/site-packages/experiment_python-0.0.0-py3.10.egg-info/top_level.txt
/home/kaibuchisoma/test_ws/install/experiment_python/lib/python3.10/site-packages/experiment_python-0.0.0-py3.10.egg-info/zip-safe
/home/kaibuchisoma/test_ws/install/experiment_python/lib/python3.10/site-packages/experiment_python-0.0.0-py3.10.egg-info/entry_points.txt
/home/kaibuchisoma/test_ws/install/experiment_python/lib/python3.10/site-packages/experiment_python-0.0.0-py3.10.egg-info/dependency_links.txt
/home/kaibuchisoma/test_ws/install/experiment_python/lib/python3.10/site-packages/experiment_python-0.0.0-py3.10.egg-info/SOURCES.txt
/home/kaibuchisoma/test_ws/install/experiment_python/lib/python3.10/site-packages/experiment_python-0.0.0-py3.10.egg-info/requires.txt
/home/kaibuchisoma/test_ws/install/experiment_python/lib/experiment_python/Collect_Controller
/home/kaibuchisoma/test_ws/install/experiment_python/lib/experiment_python/Drive_Controller
/home/kaibuchisoma/test_ws/install/experiment_python/lib/experiment_python/communicateWebSockets_ESP32
/home/kaibuchisoma/test_ws/install/experiment_python/lib/experiment_python/communicateWiFiUDP_ESP32
/home/kaibuchisoma/test_ws/install/experiment_python/lib/experiment_python/communicateWiFi_ESP32
/home/kaibuchisoma/test_ws/install/experiment_python/lib/experiment_python/webserver
