[0.765s] Invoking command in '/home/kaibuchisoma/test_ws/src/experiment_python': PYTHONPATH=/home/kaibuchisoma/test_ws/build/experiment_python/prefix_override:/home/kaibuchisoma/test_ws/install/experiment_python/lib/python3.10/site-packages:${PYTHONPATH} /usr/bin/python3 setup.py egg_info --egg-base ../../build/experiment_python build --build-base /home/kaibuchisoma/test_ws/build/experiment_python/build install --record /home/kaibuchisoma/test_ws/build/experiment_python/install.log --single-version-externally-managed
[1.017s] running egg_info
[1.017s] writing ../../build/experiment_python/experiment_python.egg-info/PKG-INFO
[1.018s] writing dependency_links to ../../build/experiment_python/experiment_python.egg-info/dependency_links.txt
[1.018s] writing entry points to ../../build/experiment_python/experiment_python.egg-info/entry_points.txt
[1.018s] writing requirements to ../../build/experiment_python/experiment_python.egg-info/requires.txt
[1.018s] writing top-level names to ../../build/experiment_python/experiment_python.egg-info/top_level.txt
[1.019s] reading manifest file '../../build/experiment_python/experiment_python.egg-info/SOURCES.txt'
[1.020s] writing manifest file '../../build/experiment_python/experiment_python.egg-info/SOURCES.txt'
[1.020s] running build
[1.020s] running build_py
[1.021s] running install
[1.021s] /usr/lib/python3/dist-packages/setuptools/command/install.py:34: SetuptoolsDeprecationWarning: setup.py install is deprecated. Use build and pip and other standards-based tools.
[1.021s]   warnings.warn(
[1.021s] running install_lib
[1.022s] running install_data
[1.023s] running install_egg_info
[1.024s] removing '/home/kaibuchisoma/test_ws/install/experiment_python/lib/python3.10/site-packages/experiment_python-0.0.0-py3.10.egg-info' (and everything under it)
[1.025s] Copying ../../build/experiment_python/experiment_python.egg-info to /home/kaibuchisoma/test_ws/install/experiment_python/lib/python3.10/site-packages/experiment_python-0.0.0-py3.10.egg-info
[1.025s] running install_scripts
[1.042s] Installing communicateWiFi_ESP32 script to /home/kaibuchisoma/test_ws/install/experiment_python/lib/experiment_python
[1.043s] Installing communicate_ESP32 script to /home/kaibuchisoma/test_ws/install/experiment_python/lib/experiment_python
[1.043s] Installing joystick script to /home/kaibuchisoma/test_ws/install/experiment_python/lib/experiment_python
[1.043s] Installing webserver script to /home/kaibuchisoma/test_ws/install/experiment_python/lib/experiment_python
[1.043s] writing list of installed files to '/home/kaibuchisoma/test_ws/build/experiment_python/install.log'
[1.060s] Invoked command in '/home/kaibuchisoma/test_ws/src/experiment_python' returned '0': PYTHONPATH=/home/kaibuchisoma/test_ws/build/experiment_python/prefix_override:/home/kaibuchisoma/test_ws/install/experiment_python/lib/python3.10/site-packages:${PYTHONPATH} /usr/bin/python3 setup.py egg_info --egg-base ../../build/experiment_python build --build-base /home/kaibuchisoma/test_ws/build/experiment_python/build install --record /home/kaibuchisoma/test_ws/build/experiment_python/install.log --single-version-externally-managed
